This is pdfTeX, Version 3.141592653-2.6-1.40.24 (MiKTeX 22.3) (preloaded format=pdflatex 2022.4.8)  23 MAY 2022 14:19
entering extended mode
 \write18 enabled.
 %&-line parsing enabled.
**./Masterarbeit.tex
(Masterarbeit.tex
LaTeX2e <2021-11-15> patch level 1
L3 programming layer <2022-02-24>
(C:\Users\fljacob\AppData\Local\Programs\MiKTeX\tex/latex/koma-script\scrreprt.
cls
Document Class: scrreprt 2021/11/13 v3.35 KOMA-Script document class (report)

(C:\Users\fljacob\AppData\Local\Programs\MiKTeX\tex/latex/koma-script\scrkbase.
sty
Package: scrkbase 2021/11/13 v3.35 KOMA-Script package (KOMA-Script-dependent b
asics and keyval usage)

(C:\Users\fljacob\AppData\Local\Programs\MiKTeX\tex/latex/koma-script\scrbase.s
ty
Package: scrbase 2021/11/13 v3.35 KOMA-Script package (KOMA-Script-independent 
basics and keyval usage)

(C:\Users\fljacob\AppData\Local\Programs\MiKTeX\tex/latex/koma-script\scrlfile.
sty
Package: scrlfile 2021/11/13 v3.35 KOMA-Script package (file load hooks)

(C:\Users\fljacob\AppData\Local\Programs\MiKTeX\tex/latex/koma-script\scrlfile-
hook.sty
Package: scrlfile-hook 2021/11/13 v3.35 KOMA-Script package (using LaTeX hooks)


(C:\Users\fljacob\AppData\Local\Programs\MiKTeX\tex/latex/koma-script\scrlogo.s
ty
Package: scrlogo 2021/11/13 v3.35 KOMA-Script package (logo)
)))
(C:\Users\fljacob\AppData\Local\Programs\MiKTeX\tex/latex/graphics\keyval.sty
Package: keyval 2014/10/28 v1.15 key=value parser (DPC)
\KV@toks@=\toks16
)
Applying: [2021/05/01] Usage of raw or classic option list on input line 252.
Already applied: [0000/00/00] Usage of raw or classic option list on input line
 368.
))
(C:\Users\fljacob\AppData\Local\Programs\MiKTeX\tex/latex/koma-script\tocbasic.
sty
Package: tocbasic 2021/11/13 v3.35 KOMA-Script package (handling toc-files)
\scr@dte@tocline@numberwidth=\skip47
\scr@dte@tocline@numbox=\box50
)
Package tocbasic Info: babel extension for `toc' omitted
(tocbasic)             because of missing \bbl@set@language on input line 137.
Package scrreprt Info: You've used standard option `12pt'.
(scrreprt)             This is correct!
(scrreprt)             Internally I'm using `fontsize=12pt'.
(scrreprt)             If you'd like to set the option with \KOMAoptions,
(scrreprt)             you'd have to use `fontsize=12pt' there
(scrreprt)             instead of `12pt', too.


Class scrreprt Warning: You've used obsolete option `bibtotocnumbered'.
(scrreprt)              Usage of this option indicates an old document
(scrreprt)              and changes compatibility level using
(scrreprt)              `bibliography=totocnumbered,version=first,
(scrreprt)              enabledeprecatedfontcommands' that may result
(scrreprt)              in further warnings.
(scrreprt)              If you don't want this, you should simply
(scrreprt)              replace option `bibtotocnumbered' by `bibliography=toto
cnumbered'.

Class scrreprt Info: Switching compatibility level to `first'.

Class scrreprt Warning: deprecated option `enabledeprecatedfontcommands'.
(scrreprt)              Note, that this option was already depreacted when
(scrreprt)              it has been defined. Support for old font commands
(scrreprt)              has been removed from KOMA-Script more than one
(scrreprt)              decade ago. It is not recommended to use them any
(scrreprt)              longer. Therefore usage of this class option also
(scrreprt)              is not recommended.


Class scrreprt Warning: You've used obsolete option `liststotocnumbered'.
(scrreprt)              Usage of this option indicates an old document
(scrreprt)              and changes compatibility level using
(scrreprt)              `listof=numbered,version=first,
(scrreprt)              enabledeprecatedfontcommands' that may result
(scrreprt)              in further warnings.
(scrreprt)              If you don't want this, you should simply
(scrreprt)              replace option `liststotocnumbered' by `listof=numbered
'.

Class scrreprt Info: Switching compatibility level to `first'.

Class scrreprt Warning: deprecated option `enabledeprecatedfontcommands'.
(scrreprt)              Note, that this option was already depreacted when
(scrreprt)              it has been defined. Support for old font commands
(scrreprt)              has been removed from KOMA-Script more than one
(scrreprt)              decade ago. It is not recommended to use them any
(scrreprt)              longer. Therefore usage of this class option also
(scrreprt)              is not recommended.

Class scrreprt Info: File `scrsize12pt.clo' used to setup font sizes on input l
ine 2487.

(C:\Users\fljacob\AppData\Local\Programs\MiKTeX\tex/latex/koma-script\scrsize12
pt.clo
File: scrsize12pt.clo 2021/11/13 v3.35 KOMA-Script font size class option (12pt
)
)
(C:\Users\fljacob\AppData\Local\Programs\MiKTeX\tex/latex/koma-script\typearea.
sty
Package: typearea 2021/11/13 v3.35 KOMA-Script package (type area)
\ta@bcor=\skip48
\ta@div=\count185
Package typearea Info: You've used standard option `a4paper'.
(typearea)             This is correct!
(typearea)             Internally I'm using `paper=a4'.
(typearea)             If you'd like to set the option with \KOMAoptions,
(typearea)             you'd have to use `paper=a4' there
(typearea)             instead of `a4paper', too.
\ta@hblk=\skip49
\ta@vblk=\skip50
\ta@temp=\skip51
\footheight=\skip52
Package typearea Info: These are the values describing the layout:
(typearea)             DIV  = 12
(typearea)             BCOR = 0.0pt
(typearea)             \paperwidth      = 597.50793pt
(typearea)              \textwidth      = 448.13095pt
(typearea)              DIV departure   = -6%
(typearea)              \evensidemargin = 2.4185pt
(typearea)              \oddsidemargin  = 2.4185pt
(typearea)             \paperheight     = 845.04694pt
(typearea)              \textheight     = 635.5pt
(typearea)              \topmargin      = -41.72441pt
(typearea)              \headheight     = 18.125pt
(typearea)              \headsep        = 21.75pt
(typearea)              \topskip        = 12.0pt
(typearea)              \footskip       = 50.75pt
(typearea)              \baselineskip   = 14.5pt
(typearea)              on input line 1743.
)
\c@part=\count186
\c@chapter=\count187
\c@section=\count188
\c@subsection=\count189
\c@subsubsection=\count190
\c@paragraph=\count191
\c@subparagraph=\count192
\scr@dte@chapter@maxnumwidth=\skip53
Class scrreprt Info: using compatibility default `afterindent=bysign'
(scrreprt)           for `\chapter on input line 5717.
\scr@dte@section@maxnumwidth=\skip54
Class scrreprt Info: using compatibility default `runin=bysign'
(scrreprt)           for `\section on input line 5728.
Class scrreprt Info: using compatibility default `afterindent=bysign'
(scrreprt)           for `\section on input line 5728.
\scr@dte@part@maxnumwidth=\skip55
Class scrreprt Info: using compatibility default `afterindent=true'
(scrreprt)           for `\part on input line 5737.
\scr@dte@subsection@maxnumwidth=\skip56
Class scrreprt Info: using compatibility default `runin=bysign'
(scrreprt)           for `\subsection on input line 5747.
Class scrreprt Info: using compatibility default `afterindent=bysign'
(scrreprt)           for `\subsection on input line 5747.
\scr@dte@subsubsection@maxnumwidth=\skip57
Class scrreprt Info: using compatibility default `runin=bysign'
(scrreprt)           for `\subsubsection on input line 5757.
Class scrreprt Info: using compatibility default `afterindent=bysign'
(scrreprt)           for `\subsubsection on input line 5757.
\scr@dte@paragraph@maxnumwidth=\skip58
Class scrreprt Info: using compatibility default `runin=bysign'
(scrreprt)           for `\paragraph on input line 5768.
Class scrreprt Info: using compatibility default `afterindent=bysign'
(scrreprt)           for `\paragraph on input line 5768.
\scr@dte@subparagraph@maxnumwidth=\skip59
Class scrreprt Info: using compatibility default `runin=bysign'
(scrreprt)           for `\subparagraph on input line 5778.
Class scrreprt Info: using compatibility default `afterindent=bysign'
(scrreprt)           for `\subparagraph on input line 5778.
\abovecaptionskip=\skip60
\belowcaptionskip=\skip61
\c@pti@nb@sid@b@x=\box51
Package tocbasic Info: babel extension for `lof' omitted
(tocbasic)             because of missing \bbl@set@language on input line 6958.

\scr@dte@figure@maxnumwidth=\skip62
\c@figure=\count193
Package tocbasic Info: babel extension for `lot' omitted
(tocbasic)             because of missing \bbl@set@language on input line 6974.

\scr@dte@table@maxnumwidth=\skip63
\c@table=\count194
Class scrreprt Info: Using old \@makefntext due to compatibility level
(scrreprt)           less than 3.22 on input line 7129.
Class scrreprt Info: Redefining `\numberline' on input line 7142.
\bibindent=\dimen138
)
(C:\Users\fljacob\AppData\Local\Programs\MiKTeX\tex/latex/base\inputenc.sty
Package: inputenc 2021/02/14 v1.3d Input encoding file
\inpenc@prehook=\toks17
\inpenc@posthook=\toks18

(C:\Users\fljacob\AppData\Local\Programs\MiKTeX\tex/latex/ucs\utf8x.def
File: utf8x.def 2004/10/17 UCS: Input encoding UTF-8
))
(C:\Users\fljacob\AppData\Local\Programs\MiKTeX\tex/latex/ucs\ucs.sty
Package: ucs 2013/05/11 v2.2 UCS: Unicode input support

(C:\Users\fljacob\AppData\Local\Programs\MiKTeX\tex/latex/ucs\uni-global.def
File: uni-global.def 2013/05/13 UCS: Unicode global data
)
\uc@secondtry=\count195
\uc@combtoks=\toks19
\uc@combtoksb=\toks20
\uc@temptokena=\toks21
)
(C:\Users\fljacob\AppData\Local\Programs\MiKTeX\tex/latex/graphics\color.sty
Package: color 2021/12/07 v1.3c Standard LaTeX Color (DPC)

(C:\Users\fljacob\AppData\Local\Programs\MiKTeX\tex/latex/graphics-cfg\color.cf
g
File: color.cfg 2016/01/02 v1.6 sample color configuration
)
Package color Info: Driver file: pdftex.def on input line 149.

(C:\Users\fljacob\AppData\Local\Programs\MiKTeX\tex/latex/graphics-def\pdftex.d
ef
File: pdftex.def 2020/10/05 v1.2a Graphics/color driver for pdftex
))
(C:\Users\fljacob\AppData\Local\Programs\MiKTeX\tex/generic/babel\babel.sty
Package: babel 2022/02/26 3.73 The Babel package
\babel@savecnt=\count196
\U@D=\dimen139
\l@unhyphenated=\language79

(C:\Users\fljacob\AppData\Local\Programs\MiKTeX\tex/generic/babel\txtbabel.def)
\bbl@readstream=\read2
\bbl@dirlevel=\count197
*************************************
* Local config file bblopts.cfg used
*
(C:\Users\fljacob\AppData\Local\Programs\MiKTeX\tex/latex/arabi\bblopts.cfg
File: bblopts.cfg 2005/09/08 v0.1 add Arabic and Farsi to "declared" options of
 babel
)
(C:\Users\fljacob\AppData\Local\Programs\MiKTeX\tex/latex/babel-german\german.l
df
Language: german 2021/02/27 v2.13 German support for babel (pre-1996 orthograph
y)

(C:\Users\fljacob\AppData\Local\Programs\MiKTeX\tex/latex/babel-german\germanb.
ldf
Language: germanb 2021/02/27 v2.13 German support for babel (pre-1996 orthograp
hy)
Package babel Info: Making " an active character on input line 139.
)))
(C:\Users\fljacob\AppData\Local\Programs\MiKTeX\tex/latex/base\fontenc.sty
Package: fontenc 2021/04/29 v2.0v Standard LaTeX package
)
(C:\Users\fljacob\AppData\Local\Programs\MiKTeX\tex/latex/amsmath\amsmath.sty
Package: amsmath 2021/10/15 v2.17l AMS math features
\@mathmargin=\skip64

For additional information on amsmath, use the `?' option.
(C:\Users\fljacob\AppData\Local\Programs\MiKTeX\tex/latex/amsmath\amstext.sty
Package: amstext 2021/08/26 v2.01 AMS text

(C:\Users\fljacob\AppData\Local\Programs\MiKTeX\tex/latex/amsmath\amsgen.sty
File: amsgen.sty 1999/11/30 v2.0 generic functions
\@emptytoks=\toks22
\ex@=\dimen140
))
(C:\Users\fljacob\AppData\Local\Programs\MiKTeX\tex/latex/amsmath\amsbsy.sty
Package: amsbsy 1999/11/29 v1.2d Bold Symbols
\pmbraise@=\dimen141
)
(C:\Users\fljacob\AppData\Local\Programs\MiKTeX\tex/latex/amsmath\amsopn.sty
Package: amsopn 2021/08/26 v2.02 operator names
)
\inf@bad=\count198
LaTeX Info: Redefining \frac on input line 234.
\uproot@=\count199
\leftroot@=\count266
LaTeX Info: Redefining \overline on input line 399.
\classnum@=\count267
\DOTSCASE@=\count268
LaTeX Info: Redefining \ldots on input line 496.
LaTeX Info: Redefining \dots on input line 499.
LaTeX Info: Redefining \cdots on input line 620.
\Mathstrutbox@=\box52
\strutbox@=\box53
\big@size=\dimen142
LaTeX Font Info:    Redeclaring font encoding OML on input line 743.
LaTeX Font Info:    Redeclaring font encoding OMS on input line 744.
\macc@depth=\count269
\c@MaxMatrixCols=\count270
\dotsspace@=\muskip16
\c@parentequation=\count271
\dspbrk@lvl=\count272
\tag@help=\toks23
\row@=\count273
\column@=\count274
\maxfields@=\count275
\andhelp@=\toks24
\eqnshift@=\dimen143
\alignsep@=\dimen144
\tagshift@=\dimen145
\tagwidth@=\dimen146
\totwidth@=\dimen147
\lineht@=\dimen148
\@envbody=\toks25
\multlinegap=\skip65
\multlinetaggap=\skip66
\mathdisplay@stack=\toks26
LaTeX Info: Redefining \[ on input line 2938.
LaTeX Info: Redefining \] on input line 2939.
)
(C:\Users\fljacob\AppData\Local\Programs\MiKTeX\tex/latex/acronym\acronym.sty
Package: acronym 2020/04/17 v1.47 Support for acronyms (Tobias Oetiker)

(C:\Users\fljacob\AppData\Local\Programs\MiKTeX\tex/latex/bigfoot\suffix.sty
Package: suffix 2006/07/15 1.5a Variant command support
)
(C:\Users\fljacob\AppData\Local\Programs\MiKTeX\tex/latex/xstring\xstring.sty
(C:\Users\fljacob\AppData\Local\Programs\MiKTeX\tex/generic/xstring\xstring.tex
\integerpart=\count276
\decimalpart=\count277
)
Package: xstring 2021/07/21 v1.84 String manipulations (CT)
)
\AC@clearlist=\toks27
)
(C:\Users\fljacob\AppData\Local\Programs\MiKTeX\tex/latex/amsfonts\amsfonts.sty
Package: amsfonts 2013/01/14 v3.01 Basic AMSFonts support
\symAMSa=\mathgroup4
\symAMSb=\mathgroup5
LaTeX Font Info:    Redeclaring math symbol \hbar on input line 98.
LaTeX Font Info:    Overwriting math alphabet `\mathfrak' in version `bold'
(Font)                  U/euf/m/n --> U/euf/b/n on input line 106.
)
(C:\Users\fljacob\AppData\Local\Programs\MiKTeX\tex/latex/amsfonts\amssymb.sty
Package: amssymb 2013/01/14 v3.01 AMS font symbols
)
(C:\Users\fljacob\AppData\Local\Programs\MiKTeX\tex/latex/graphics\graphicx.sty
Package: graphicx 2021/09/16 v1.2d Enhanced LaTeX Graphics (DPC,SPQR)

(C:\Users\fljacob\AppData\Local\Programs\MiKTeX\tex/latex/graphics\graphics.sty
Package: graphics 2021/03/04 v1.4d Standard LaTeX Graphics (DPC,SPQR)
(C:\Users\fljacob\AppData\Local\Programs\MiKTeX\tex/latex/graphics\trig.sty
Package: trig 2021/08/11 v1.11 sin cos tan (DPC)
)
(C:\Users\fljacob\AppData\Local\Programs\MiKTeX\tex/latex/graphics-cfg\graphics
.cfg
File: graphics.cfg 2016/06/04 v1.11 sample graphics configuration
)
Package graphics Info: Driver file: pdftex.def on input line 107.
)
\Gin@req@height=\dimen149
\Gin@req@width=\dimen150
)
(C:\Users\fljacob\AppData\Local\Programs\MiKTeX\tex/latex/graphics\rotating.sty
Package: rotating 2016/08/11 v2.16d rotated objects in LaTeX
(C:\Users\fljacob\AppData\Local\Programs\MiKTeX\tex/latex/base\ifthen.sty
Package: ifthen 2020/11/24 v1.1c Standard LaTeX ifthen package (DPC)
)
\c@r@tfl@t=\count278
\rotFPtop=\skip67
\rotFPbot=\skip68
\rot@float@box=\box54
\rot@mess@toks=\toks28
)
(C:\Users\fljacob\AppData\Local\Programs\MiKTeX\tex/latex/float\float.sty
Package: float 2001/11/08 v1.3d Float enhancements (AL)
\c@float@type=\count279
\float@exts=\toks29
\float@box=\box55
\@float@everytoks=\toks30
\@floatcapt=\box56
)
(C:\Users\fljacob\AppData\Local\Programs\MiKTeX\tex/latex/url\url.sty
\Urlmuskip=\muskip17
Package: url 2013/09/16  ver 3.4  Verb mode for urls, etc.
)
(C:\Users\fljacob\AppData\Local\Programs\MiKTeX\tex/latex/enumitem\enumitem.sty
Package: enumitem 2019/06/20 v3.9 Customized lists
\labelindent=\skip69
\enit@outerparindent=\dimen151
\enit@toks=\toks31
\enit@inbox=\box57
\enit@count@id=\count280
\enitdp@description=\count281
)
(C:\Users\fljacob\AppData\Local\Programs\MiKTeX\tex/latex/pdflscape\pdflscape.s
ty
Package: pdflscape 2019/12/05 v0.12 Display of landscape pages in PDF (HO)
 (C:\Users\fljacob\AppData\Local\Programs\MiKTeX\tex/generic/iftex\iftex.sty
Package: iftex 2022/02/03 v1.0f TeX engine tests
) (C:\Users\fljacob\AppData\Local\Programs\MiKTeX\tex/latex/graphics\lscape.sty
Package: lscape 2020/05/28 v3.02 Landscape Pages (DPC)
)
Package pdflscape Info: Auto-detected driver: pdftex on input line 81.
)
(C:\Users\fljacob\AppData\Local\Programs\MiKTeX\tex/latex/geometry\geometry.sty
Package: geometry 2020/01/02 v5.9 Page Geometry
(C:\Users\fljacob\AppData\Local\Programs\MiKTeX\tex/generic/iftex\ifvtex.sty
Package: ifvtex 2019/10/25 v1.7 ifvtex legacy package. Use iftex instead.
)
\Gm@cnth=\count282
\Gm@cntv=\count283
\c@Gm@tempcnt=\count284
\Gm@bindingoffset=\dimen152
\Gm@wd@mp=\dimen153
\Gm@odd@mp=\dimen154
\Gm@even@mp=\dimen155
\Gm@layoutwidth=\dimen156
\Gm@layoutheight=\dimen157
\Gm@layouthoffset=\dimen158
\Gm@layoutvoffset=\dimen159
\Gm@dimlist=\toks32

(C:\Users\fljacob\AppData\Local\Programs\MiKTeX\tex/latex/geometry\geometry.cfg
))
(C:\Users\fljacob\AppData\Local\Programs\MiKTeX\tex/latex/chemfig\chemfig.sty
(C:\Users\fljacob\AppData\Local\Programs\MiKTeX\tex/latex/pgf/frontendlayer\tik
z.sty
(C:\Users\fljacob\AppData\Local\Programs\MiKTeX\tex/latex/pgf/basiclayer\pgf.st
y
(C:\Users\fljacob\AppData\Local\Programs\MiKTeX\tex/latex/pgf/utilities\pgfrcs.
sty
(C:\Users\fljacob\AppData\Local\Programs\MiKTeX\tex/generic/pgf/utilities\pgfut
il-common.tex
\pgfutil@everybye=\toks33
\pgfutil@tempdima=\dimen160
\pgfutil@tempdimb=\dimen161

(C:\Users\fljacob\AppData\Local\Programs\MiKTeX\tex/generic/pgf/utilities\pgfut
il-common-lists.tex))
(C:\Users\fljacob\AppData\Local\Programs\MiKTeX\tex/generic/pgf/utilities\pgfut
il-latex.def
\pgfutil@abb=\box58
)
(C:\Users\fljacob\AppData\Local\Programs\MiKTeX\tex/generic/pgf/utilities\pgfrc
s.code.tex
(C:\Users\fljacob\AppData\Local\Programs\MiKTeX\tex/generic/pgf\pgf.revision.te
x)
Package: pgfrcs 2021/05/15 v3.1.9a (3.1.9a)
))
Package: pgf 2021/05/15 v3.1.9a (3.1.9a)

(C:\Users\fljacob\AppData\Local\Programs\MiKTeX\tex/latex/pgf/basiclayer\pgfcor
e.sty
(C:\Users\fljacob\AppData\Local\Programs\MiKTeX\tex/latex/pgf/systemlayer\pgfsy
s.sty
(C:\Users\fljacob\AppData\Local\Programs\MiKTeX\tex/generic/pgf/systemlayer\pgf
sys.code.tex
Package: pgfsys 2021/05/15 v3.1.9a (3.1.9a)

(C:\Users\fljacob\AppData\Local\Programs\MiKTeX\tex/generic/pgf/utilities\pgfke
ys.code.tex
\pgfkeys@pathtoks=\toks34
\pgfkeys@temptoks=\toks35

(C:\Users\fljacob\AppData\Local\Programs\MiKTeX\tex/generic/pgf/utilities\pgfke
ysfiltered.code.tex
\pgfkeys@tmptoks=\toks36
))
\pgf@x=\dimen162
\pgf@y=\dimen163
\pgf@xa=\dimen164
\pgf@ya=\dimen165
\pgf@xb=\dimen166
\pgf@yb=\dimen167
\pgf@xc=\dimen168
\pgf@yc=\dimen169
\pgf@xd=\dimen170
\pgf@yd=\dimen171
\w@pgf@writea=\write3
\r@pgf@reada=\read3
\c@pgf@counta=\count285
\c@pgf@countb=\count286
\c@pgf@countc=\count287
\c@pgf@countd=\count288
\t@pgf@toka=\toks37
\t@pgf@tokb=\toks38
\t@pgf@tokc=\toks39
\pgf@sys@id@count=\count289

(C:\Users\fljacob\AppData\Local\Programs\MiKTeX\tex/generic/pgf/systemlayer\pgf
.cfg
File: pgf.cfg 2021/05/15 v3.1.9a (3.1.9a)
)
Driver file for pgf: pgfsys-pdftex.def

(C:\Users\fljacob\AppData\Local\Programs\MiKTeX\tex/generic/pgf/systemlayer\pgf
sys-pdftex.def
File: pgfsys-pdftex.def 2021/05/15 v3.1.9a (3.1.9a)

(C:\Users\fljacob\AppData\Local\Programs\MiKTeX\tex/generic/pgf/systemlayer\pgf
sys-common-pdf.def
File: pgfsys-common-pdf.def 2021/05/15 v3.1.9a (3.1.9a)
)))
(C:\Users\fljacob\AppData\Local\Programs\MiKTeX\tex/generic/pgf/systemlayer\pgf
syssoftpath.code.tex
File: pgfsyssoftpath.code.tex 2021/05/15 v3.1.9a (3.1.9a)
\pgfsyssoftpath@smallbuffer@items=\count290
\pgfsyssoftpath@bigbuffer@items=\count291
)
(C:\Users\fljacob\AppData\Local\Programs\MiKTeX\tex/generic/pgf/systemlayer\pgf
sysprotocol.code.tex
File: pgfsysprotocol.code.tex 2021/05/15 v3.1.9a (3.1.9a)
))
(C:\Users\fljacob\AppData\Local\Programs\MiKTeX\tex/latex/xcolor\xcolor.sty
Package: xcolor 2021/10/31 v2.13 LaTeX color extensions (UK)

(C:\Users\fljacob\AppData\Local\Programs\MiKTeX\tex/latex/graphics-cfg\color.cf
g
File: color.cfg 2016/01/02 v1.6 sample color configuration
)
Package xcolor Info: Driver file: pdftex.def on input line 227.
LaTeX Info: Redefining \color on input line 711.
Package xcolor Info: Model `cmy' substituted by `cmy0' on input line 1352.
Package xcolor Info: Model `hsb' substituted by `rgb' on input line 1356.
Package xcolor Info: Model `RGB' extended on input line 1368.
Package xcolor Info: Model `HTML' substituted by `rgb' on input line 1370.
Package xcolor Info: Model `Hsb' substituted by `hsb' on input line 1371.
Package xcolor Info: Model `tHsb' substituted by `hsb' on input line 1372.
Package xcolor Info: Model `HSB' substituted by `hsb' on input line 1373.
Package xcolor Info: Model `Gray' substituted by `gray' on input line 1374.
Package xcolor Info: Model `wave' substituted by `hsb' on input line 1375.
)
(C:\Users\fljacob\AppData\Local\Programs\MiKTeX\tex/generic/pgf/basiclayer\pgfc
ore.code.tex
Package: pgfcore 2021/05/15 v3.1.9a (3.1.9a)

(C:\Users\fljacob\AppData\Local\Programs\MiKTeX\tex/generic/pgf/math\pgfmath.co
de.tex
(C:\Users\fljacob\AppData\Local\Programs\MiKTeX\tex/generic/pgf/math\pgfmathcal
c.code.tex
(C:\Users\fljacob\AppData\Local\Programs\MiKTeX\tex/generic/pgf/math\pgfmathuti
l.code.tex)
(C:\Users\fljacob\AppData\Local\Programs\MiKTeX\tex/generic/pgf/math\pgfmathpar
ser.code.tex
\pgfmath@dimen=\dimen172
\pgfmath@count=\count292
\pgfmath@box=\box59
\pgfmath@toks=\toks40
\pgfmath@stack@operand=\toks41
\pgfmath@stack@operation=\toks42
)
(C:\Users\fljacob\AppData\Local\Programs\MiKTeX\tex/generic/pgf/math\pgfmathfun
ctions.code.tex
(C:\Users\fljacob\AppData\Local\Programs\MiKTeX\tex/generic/pgf/math\pgfmathfun
ctions.basic.code.tex)
(C:\Users\fljacob\AppData\Local\Programs\MiKTeX\tex/generic/pgf/math\pgfmathfun
ctions.trigonometric.code.tex)
(C:\Users\fljacob\AppData\Local\Programs\MiKTeX\tex/generic/pgf/math\pgfmathfun
ctions.random.code.tex)
(C:\Users\fljacob\AppData\Local\Programs\MiKTeX\tex/generic/pgf/math\pgfmathfun
ctions.comparison.code.tex)
(C:\Users\fljacob\AppData\Local\Programs\MiKTeX\tex/generic/pgf/math\pgfmathfun
ctions.base.code.tex)
(C:\Users\fljacob\AppData\Local\Programs\MiKTeX\tex/generic/pgf/math\pgfmathfun
ctions.round.code.tex)
(C:\Users\fljacob\AppData\Local\Programs\MiKTeX\tex/generic/pgf/math\pgfmathfun
ctions.misc.code.tex)
(C:\Users\fljacob\AppData\Local\Programs\MiKTeX\tex/generic/pgf/math\pgfmathfun
ctions.integerarithmetics.code.tex)))
(C:\Users\fljacob\AppData\Local\Programs\MiKTeX\tex/generic/pgf/math\pgfmathflo
at.code.tex
\c@pgfmathroundto@lastzeros=\count293
))
(C:\Users\fljacob\AppData\Local\Programs\MiKTeX\tex/generic/pgf/math\pgfint.cod
e.tex)
(C:\Users\fljacob\AppData\Local\Programs\MiKTeX\tex/generic/pgf/basiclayer\pgfc
orepoints.code.tex
File: pgfcorepoints.code.tex 2021/05/15 v3.1.9a (3.1.9a)
\pgf@picminx=\dimen173
\pgf@picmaxx=\dimen174
\pgf@picminy=\dimen175
\pgf@picmaxy=\dimen176
\pgf@pathminx=\dimen177
\pgf@pathmaxx=\dimen178
\pgf@pathminy=\dimen179
\pgf@pathmaxy=\dimen180
\pgf@xx=\dimen181
\pgf@xy=\dimen182
\pgf@yx=\dimen183
\pgf@yy=\dimen184
\pgf@zx=\dimen185
\pgf@zy=\dimen186
)
(C:\Users\fljacob\AppData\Local\Programs\MiKTeX\tex/generic/pgf/basiclayer\pgfc
orepathconstruct.code.tex
File: pgfcorepathconstruct.code.tex 2021/05/15 v3.1.9a (3.1.9a)
\pgf@path@lastx=\dimen187
\pgf@path@lasty=\dimen188
)
(C:\Users\fljacob\AppData\Local\Programs\MiKTeX\tex/generic/pgf/basiclayer\pgfc
orepathusage.code.tex
File: pgfcorepathusage.code.tex 2021/05/15 v3.1.9a (3.1.9a)
\pgf@shorten@end@additional=\dimen189
\pgf@shorten@start@additional=\dimen190
)
(C:\Users\fljacob\AppData\Local\Programs\MiKTeX\tex/generic/pgf/basiclayer\pgfc
orescopes.code.tex
File: pgfcorescopes.code.tex 2021/05/15 v3.1.9a (3.1.9a)
\pgfpic=\box60
\pgf@hbox=\box61
\pgf@layerbox@main=\box62
\pgf@picture@serial@count=\count294
)
(C:\Users\fljacob\AppData\Local\Programs\MiKTeX\tex/generic/pgf/basiclayer\pgfc
oregraphicstate.code.tex
File: pgfcoregraphicstate.code.tex 2021/05/15 v3.1.9a (3.1.9a)
\pgflinewidth=\dimen191
)
(C:\Users\fljacob\AppData\Local\Programs\MiKTeX\tex/generic/pgf/basiclayer\pgfc
oretransformations.code.tex
File: pgfcoretransformations.code.tex 2021/05/15 v3.1.9a (3.1.9a)
\pgf@pt@x=\dimen192
\pgf@pt@y=\dimen193
\pgf@pt@temp=\dimen194
)
(C:\Users\fljacob\AppData\Local\Programs\MiKTeX\tex/generic/pgf/basiclayer\pgfc
orequick.code.tex
File: pgfcorequick.code.tex 2021/05/15 v3.1.9a (3.1.9a)
)
(C:\Users\fljacob\AppData\Local\Programs\MiKTeX\tex/generic/pgf/basiclayer\pgfc
oreobjects.code.tex
File: pgfcoreobjects.code.tex 2021/05/15 v3.1.9a (3.1.9a)
)
(C:\Users\fljacob\AppData\Local\Programs\MiKTeX\tex/generic/pgf/basiclayer\pgfc
orepathprocessing.code.tex
File: pgfcorepathprocessing.code.tex 2021/05/15 v3.1.9a (3.1.9a)
)
(C:\Users\fljacob\AppData\Local\Programs\MiKTeX\tex/generic/pgf/basiclayer\pgfc
orearrows.code.tex
File: pgfcorearrows.code.tex 2021/05/15 v3.1.9a (3.1.9a)
\pgfarrowsep=\dimen195
)
(C:\Users\fljacob\AppData\Local\Programs\MiKTeX\tex/generic/pgf/basiclayer\pgfc
oreshade.code.tex
File: pgfcoreshade.code.tex 2021/05/15 v3.1.9a (3.1.9a)
\pgf@max=\dimen196
\pgf@sys@shading@range@num=\count295
\pgf@shadingcount=\count296
)
(C:\Users\fljacob\AppData\Local\Programs\MiKTeX\tex/generic/pgf/basiclayer\pgfc
oreimage.code.tex
File: pgfcoreimage.code.tex 2021/05/15 v3.1.9a (3.1.9a)

(C:\Users\fljacob\AppData\Local\Programs\MiKTeX\tex/generic/pgf/basiclayer\pgfc
oreexternal.code.tex
File: pgfcoreexternal.code.tex 2021/05/15 v3.1.9a (3.1.9a)
\pgfexternal@startupbox=\box63
))
(C:\Users\fljacob\AppData\Local\Programs\MiKTeX\tex/generic/pgf/basiclayer\pgfc
orelayers.code.tex
File: pgfcorelayers.code.tex 2021/05/15 v3.1.9a (3.1.9a)
)
(C:\Users\fljacob\AppData\Local\Programs\MiKTeX\tex/generic/pgf/basiclayer\pgfc
oretransparency.code.tex
File: pgfcoretransparency.code.tex 2021/05/15 v3.1.9a (3.1.9a)
)
(C:\Users\fljacob\AppData\Local\Programs\MiKTeX\tex/generic/pgf/basiclayer\pgfc
orepatterns.code.tex
File: pgfcorepatterns.code.tex 2021/05/15 v3.1.9a (3.1.9a)
)
(C:\Users\fljacob\AppData\Local\Programs\MiKTeX\tex/generic/pgf/basiclayer\pgfc
orerdf.code.tex
File: pgfcorerdf.code.tex 2021/05/15 v3.1.9a (3.1.9a)
)))
(C:\Users\fljacob\AppData\Local\Programs\MiKTeX\tex/generic/pgf/modules\pgfmodu
leshapes.code.tex
File: pgfmoduleshapes.code.tex 2021/05/15 v3.1.9a (3.1.9a)
\pgfnodeparttextbox=\box64
)
(C:\Users\fljacob\AppData\Local\Programs\MiKTeX\tex/generic/pgf/modules\pgfmodu
leplot.code.tex
File: pgfmoduleplot.code.tex 2021/05/15 v3.1.9a (3.1.9a)
)
(C:\Users\fljacob\AppData\Local\Programs\MiKTeX\tex/latex/pgf/compatibility\pgf
comp-version-0-65.sty
Package: pgfcomp-version-0-65 2021/05/15 v3.1.9a (3.1.9a)
\pgf@nodesepstart=\dimen197
\pgf@nodesepend=\dimen198
)
(C:\Users\fljacob\AppData\Local\Programs\MiKTeX\tex/latex/pgf/compatibility\pgf
comp-version-1-18.sty
Package: pgfcomp-version-1-18 2021/05/15 v3.1.9a (3.1.9a)
))
(C:\Users\fljacob\AppData\Local\Programs\MiKTeX\tex/latex/pgf/utilities\pgffor.
sty
(C:\Users\fljacob\AppData\Local\Programs\MiKTeX\tex/latex/pgf/utilities\pgfkeys
.sty
(C:\Users\fljacob\AppData\Local\Programs\MiKTeX\tex/generic/pgf/utilities\pgfke
ys.code.tex))
(C:\Users\fljacob\AppData\Local\Programs\MiKTeX\tex/latex/pgf/math\pgfmath.sty
(C:\Users\fljacob\AppData\Local\Programs\MiKTeX\tex/generic/pgf/math\pgfmath.co
de.tex))
(C:\Users\fljacob\AppData\Local\Programs\MiKTeX\tex/generic/pgf/utilities\pgffo
r.code.tex
Package: pgffor 2021/05/15 v3.1.9a (3.1.9a)

(C:\Users\fljacob\AppData\Local\Programs\MiKTeX\tex/generic/pgf/math\pgfmath.co
de.tex)
\pgffor@iter=\dimen199
\pgffor@skip=\dimen256
\pgffor@stack=\toks43
\pgffor@toks=\toks44
))
(C:\Users\fljacob\AppData\Local\Programs\MiKTeX\tex/generic/pgf/frontendlayer/t
ikz\tikz.code.tex
Package: tikz 2021/05/15 v3.1.9a (3.1.9a)

(C:\Users\fljacob\AppData\Local\Programs\MiKTeX\tex/generic/pgf/libraries\pgfli
braryplothandlers.code.tex
File: pgflibraryplothandlers.code.tex 2021/05/15 v3.1.9a (3.1.9a)
\pgf@plot@mark@count=\count297
\pgfplotmarksize=\dimen257
)
\tikz@lastx=\dimen258
\tikz@lasty=\dimen259
\tikz@lastxsaved=\dimen260
\tikz@lastysaved=\dimen261
\tikz@lastmovetox=\dimen262
\tikz@lastmovetoy=\dimen263
\tikzleveldistance=\dimen264
\tikzsiblingdistance=\dimen265
\tikz@figbox=\box65
\tikz@figbox@bg=\box66
\tikz@tempbox=\box67
\tikz@tempbox@bg=\box68
\tikztreelevel=\count298
\tikznumberofchildren=\count299
\tikznumberofcurrentchild=\count300
\tikz@fig@count=\count301

(C:\Users\fljacob\AppData\Local\Programs\MiKTeX\tex/generic/pgf/modules\pgfmodu
lematrix.code.tex
File: pgfmodulematrix.code.tex 2021/05/15 v3.1.9a (3.1.9a)
\pgfmatrixcurrentrow=\count302
\pgfmatrixcurrentcolumn=\count303
\pgf@matrix@numberofcolumns=\count304
)
\tikz@expandcount=\count305

(C:\Users\fljacob\AppData\Local\Programs\MiKTeX\tex/generic/pgf/frontendlayer/t
ikz/libraries\tikzlibrarytopaths.code.tex
File: tikzlibrarytopaths.code.tex 2021/05/15 v3.1.9a (3.1.9a)
)))
(C:\Users\fljacob\AppData\Local\Programs\MiKTeX\tex/generic/chemfig\chemfig.tex

(C:\Users\fljacob\AppData\Local\Programs\MiKTeX\tex/generic/simplekv\simplekv.t
ex
Package: simplekv 2020/04/27 v0.2 Simple keyval package (CT)
)
(C:\Users\fljacob\AppData\Local\Programs\MiKTeX\tex/generic/pgf/libraries\pgfli
braryarrows.meta.code.tex
File: pgflibraryarrows.meta.code.tex 2021/05/15 v3.1.9a (3.1.9a)
\pgfarrowinset=\dimen266
\pgfarrowlength=\dimen267
\pgfarrowwidth=\dimen268
\pgfarrowlinewidth=\dimen269
)
\CF_cntatomgroup=\count306
\CF_cntgroup=\count307
\CF_cntatom=\count308
\CF_cntcycle=\count309
\CF_cntcyclebonds=\count310
\CF_cntcompound=\count311
\CF_dim=\dimen270
\CF_arrowsize=\dimen271
\CF_zero=\dimen272
\CF_box=\box69
\CF_boxstuff=\box70
\CF_testbox=\box71
\CF_chargebox=\box72
\CF_substtoks=\toks45
)
Package: chemfig 2021/08/01 v1.6b Draw molecule with an easy syntax (CT)
)
(C:\Users\fljacob\AppData\Local\Programs\MiKTeX\tex/latex/cancel\cancel.sty
Package: cancel 2013/04/12 v2.2 Cancel math terms
)
(C:\Users\fljacob\AppData\Local\Programs\MiKTeX\tex/latex/caption\caption.sty
Package: caption 2022/03/01 v3.6b Customizing captions (AR)

(C:\Users\fljacob\AppData\Local\Programs\MiKTeX\tex/latex/caption\caption3.sty
Package: caption3 2022/03/17 v2.3b caption3 kernel (AR)
\caption@tempdima=\dimen273
\captionmargin=\dimen274
\caption@leftmargin=\dimen275
\caption@rightmargin=\dimen276
\caption@width=\dimen277
\caption@indent=\dimen278
\caption@parindent=\dimen279
\caption@hangindent=\dimen280
Package caption Info: KOMA-Script document class detected.

(C:\Users\fljacob\AppData\Local\Programs\MiKTeX\tex/latex/caption\caption-koma.
sto
File: caption-koma.sto 2020/09/21 v2.0b Adaption of the caption package to the 
KOMA-Script document classes (AR)
))
\c@caption@flags=\count312
\c@continuedfloat=\count313
Package caption Info: float package is loaded.
Package caption Info: rotating package is loaded.
)
(C:\Users\fljacob\AppData\Local\Programs\MiKTeX\tex/latex/mhchem\mhchem.sty
Package: mhchem 2021/12/31 v4.09 for typesetting chemical formulae

(C:\Users\fljacob\AppData\Local\Programs\MiKTeX\tex/latex/l3kernel\expl3.sty
Package: expl3 2022-02-24 L3 programming layer (loader) 

(C:\Users\fljacob\AppData\Local\Programs\MiKTeX\tex/latex/l3backend\l3backend-p
dftex.def
File: l3backend-pdftex.def 2022-02-07 L3 backend support: PDF output (pdfTeX)
\l__color_backend_stack_int=\count314
\l__pdf_internal_box=\box73
))
(C:\Users\fljacob\AppData\Local\Programs\MiKTeX\tex/latex/l3packages/l3keys2e\l
3keys2e.sty
Package: l3keys2e 2022-01-12 LaTeX2e option processing using LaTeX3 keys
)
(C:\Users\fljacob\AppData\Local\Programs\MiKTeX\tex/latex/tools\calc.sty
Package: calc 2017/05/25 v4.3 Infix arithmetic (KKT,FJ)
\calc@Acount=\count315
\calc@Bcount=\count316
\calc@Adimen=\dimen281
\calc@Bdimen=\dimen282
\calc@Askip=\skip70
\calc@Bskip=\skip71
LaTeX Info: Redefining \setlength on input line 80.
LaTeX Info: Redefining \addtolength on input line 81.
\calc@Ccount=\count317
\calc@Cskip=\skip72
)
(C:\Users\fljacob\AppData\Local\Programs\MiKTeX\tex/latex/chemgreek\chemgreek.s
ty
(C:\Users\fljacob\AppData\Local\Programs\MiKTeX\tex/latex/l3packages/xparse\xpa
rse.sty
Package: xparse 2022-01-12 L3 Experimental document command parser
)
Package: chemgreek 2020/01/16 v1.1a interface for upright Greek letters for use
 in chemistry (CN)
\l__chemgreek_tmpa_int=\count318
\g__chemgreek_tmpa_int=\count319
)
\l__mhchem_ce_distanceFromLastComma_int=\count320
\__mhchem_arrow_extPgfLength_skip=\skip73
\mhchem@minispace@tmp=\skip74
\mhchem@minibackspace@tmp=\skip75
\mhchem@bondwidth=\skip76
\mhchem@bondheight=\skip77
\mhchem@smallbondwidth@tmpA=\skip78
\mhchem@smallbondwidth@tmpB=\skip79
\mhchem@smallbondwidth=\skip80
\mhchem@bondtmp@minussidebearingleft=\skip81
\mhchem@bondtmp@minussidebearingright=\skip82
\l__mhchem_option_version_int=\count321
\mhchem@option@minusmathsidebearingleft=\dimen283
\mhchem@option@minusmathsidebearingright=\dimen284
\mhchem@option@minustextsidebearingleft=\dimen285
\mhchem@option@minustextsidebearingright=\dimen286


Package mhchem Warning: You did not specify a 'version' option for the mhchem
(mhchem)                package. Please write \usepackage[version=4]{mhchem}
(mhchem)                in your preamble (or any lower number for
(mhchem)                compatibility mode), because you might get slightly
(mhchem)                different output with the same input in future versions
.

) (C:\Users\fljacob\AppData\Local\Programs\MiKTeX\tex/latex/svg\svg.sty
Package: svg 2020/11/26 v2.02k (include SVG pictures)

(C:\Users\fljacob\AppData\Local\Programs\MiKTeX\tex/generic/pdftexcmds\pdftexcm
ds.sty
Package: pdftexcmds 2020-06-27 v0.33 Utility functions of pdfTeX for LuaTeX (HO
)

(C:\Users\fljacob\AppData\Local\Programs\MiKTeX\tex/generic/infwarerr\infwarerr
.sty
Package: infwarerr 2019/12/03 v1.5 Providing info/warning/error messages (HO)
)
(C:\Users\fljacob\AppData\Local\Programs\MiKTeX\tex/generic/ltxcmds\ltxcmds.sty
Package: ltxcmds 2020-05-10 v1.25 LaTeX kernel commands for general use (HO)
)
Package pdftexcmds Info: \pdf@primitive is available.
Package pdftexcmds Info: \pdf@ifprimitive is available.
Package pdftexcmds Info: \pdfdraftmode found.
)
(C:\Users\fljacob\AppData\Local\Programs\MiKTeX\tex/latex/trimspaces\trimspaces
.sty
Package: trimspaces 2009/09/17 v1.1 Trim spaces around a token list
)
(C:\Users\fljacob\AppData\Local\Programs\MiKTeX\tex/latex/tools\shellesc.sty
Package: shellesc 2019/11/08 v1.0c unified shell escape interface for LaTeX
Package shellesc Info: Unrestricted shell escape enabled on input line 75.
)
(C:\Users\fljacob\AppData\Local\Programs\MiKTeX\tex/latex/ifplatform\ifplatform
.sty
Package: ifplatform 2017/10/13 v0.4a Testing for the operating system

(C:\Users\fljacob\AppData\Local\Programs\MiKTeX\tex/generic/catchfile\catchfile
.sty
Package: catchfile 2019/12/09 v1.8 Catch the contents of a file (HO)

(C:\Users\fljacob\AppData\Local\Programs\MiKTeX\tex/generic/etexcmds\etexcmds.s
ty
Package: etexcmds 2019/12/15 v1.7 Avoid name clashes with e-TeX commands (HO)
))
(C:\Users\fljacob\AppData\Local\Programs\MiKTeX\tex/generic/iftex\ifluatex.sty
Package: ifluatex 2019/10/25 v1.5 ifluatex legacy package. Use iftex instead.
))
\c@svg@param@lastpage=\count322
\svg@box=\box74
\c@svg@param@currpage=\count323
)
(C:\Users\fljacob\AppData\Local\Programs\MiKTeX\tex/latex/transparent\transpare
nt.sty
Package: transparent 2019/11/29 v1.4 Transparency via pdfTeX's color stack (HO)


(C:\Users\fljacob\AppData\Local\Programs\MiKTeX\tex/latex/auxhook\auxhook.sty
Package: auxhook 2019-12-17 v1.6 Hooks for auxiliary files (HO)
))
(C:\Users\fljacob\AppData\Local\Programs\MiKTeX\tex/latex/epstopdf-pkg\epstopdf
.sty
Package: epstopdf 2020-01-24 v2.11 Conversion with epstopdf on the fly (HO)

(C:\Users\fljacob\AppData\Local\Programs\MiKTeX\tex/latex/grfext\grfext.sty
Package: grfext 2019/12/03 v1.3 Manage graphics extensions (HO)

(C:\Users\fljacob\AppData\Local\Programs\MiKTeX\tex/generic/kvdefinekeys\kvdefi
nekeys.sty
Package: kvdefinekeys 2019-12-19 v1.6 Define keys (HO)
))
(C:\Users\fljacob\AppData\Local\Programs\MiKTeX\tex/latex/kvoptions\kvoptions.s
ty
Package: kvoptions 2020-10-07 v3.14 Key value format for package options (HO)

(C:\Users\fljacob\AppData\Local\Programs\MiKTeX\tex/generic/kvsetkeys\kvsetkeys
.sty
Package: kvsetkeys 2019/12/15 v1.18 Key value parser (HO)
))
(C:\Users\fljacob\AppData\Local\Programs\MiKTeX\tex/latex/epstopdf-pkg\epstopdf
-base.sty
Package: epstopdf-base 2020-01-24 v2.11 Base part for package epstopdf
Package epstopdf-base Info: Redefining graphics rule for `.eps' on input line 4
85.
Package grfext Info: Graphics extension search list:
(grfext)             [.pdf,.png,.jpg,.mps,.jpeg,.jbig2,.jb2,.PDF,.PNG,.JPG,.JPE
G,.JBIG2,.JB2,.eps]
(grfext)             \AppendGraphicsExtensions on input line 504.

(C:\Users\fljacob\AppData\Local\Programs\MiKTeX\tex/latex/00miktex\epstopdf-sys
.cfg
File: epstopdf-sys.cfg 2021/03/18 v2.0 Configuration of epstopdf for MiKTeX
)))
(C:\Users\fljacob\AppData\Local\Programs\MiKTeX\tex/generic/pgf/frontendlayer/t
ikz/libraries\tikzlibraryarrows.code.tex
File: tikzlibraryarrows.code.tex 2021/05/15 v3.1.9a (3.1.9a)

(C:\Users\fljacob\AppData\Local\Programs\MiKTeX\tex/generic/pgf/libraries\pgfli
braryarrows.code.tex
File: pgflibraryarrows.code.tex 2021/05/15 v3.1.9a (3.1.9a)
\arrowsize=\dimen287
))
(C:\Users\fljacob\AppData\Local\Programs\MiKTeX\tex/generic/pgf/frontendlayer/t
ikz/libraries\tikzlibraryintersections.code.tex
(C:\Users\fljacob\AppData\Local\Programs\MiKTeX\tex/generic/pgf/libraries\pgfli
braryintersections.code.tex
(C:\Users\fljacob\AppData\Local\Programs\MiKTeX\tex/generic/pgf/libraries\pgfli
braryfpu.code.tex)
\pgf@intersect@solutions=\count324
))
(C:\Users\fljacob\AppData\Local\Programs\MiKTeX\tex/generic/pgf/frontendlayer/t
ikz/libraries\tikzlibraryshapes.code.tex
File: tikzlibraryshapes.code.tex 2021/05/15 v3.1.9a (3.1.9a)

(C:\Users\fljacob\AppData\Local\Programs\MiKTeX\tex/generic/pgf/frontendlayer/t
ikz/libraries\tikzlibraryshapes.geometric.code.tex
File: tikzlibraryshapes.geometric.code.tex 2021/05/15 v3.1.9a (3.1.9a)

(C:\Users\fljacob\AppData\Local\Programs\MiKTeX\tex/generic/pgf/libraries/shape
s\pgflibraryshapes.geometric.code.tex
File: pgflibraryshapes.geometric.code.tex 2021/05/15 v3.1.9a (3.1.9a)
))
(C:\Users\fljacob\AppData\Local\Programs\MiKTeX\tex/generic/pgf/frontendlayer/t
ikz/libraries\tikzlibraryshapes.misc.code.tex
File: tikzlibraryshapes.misc.code.tex 2021/05/15 v3.1.9a (3.1.9a)

(C:\Users\fljacob\AppData\Local\Programs\MiKTeX\tex/generic/pgf/libraries/shape
s\pgflibraryshapes.misc.code.tex
File: pgflibraryshapes.misc.code.tex 2021/05/15 v3.1.9a (3.1.9a)
))
(C:\Users\fljacob\AppData\Local\Programs\MiKTeX\tex/generic/pgf/frontendlayer/t
ikz/libraries\tikzlibraryshapes.symbols.code.tex
File: tikzlibraryshapes.symbols.code.tex 2021/05/15 v3.1.9a (3.1.9a)

(C:\Users\fljacob\AppData\Local\Programs\MiKTeX\tex/generic/pgf/libraries/shape
s\pgflibraryshapes.symbols.code.tex
File: pgflibraryshapes.symbols.code.tex 2021/05/15 v3.1.9a (3.1.9a)
))
(C:\Users\fljacob\AppData\Local\Programs\MiKTeX\tex/generic/pgf/frontendlayer/t
ikz/libraries\tikzlibraryshapes.arrows.code.tex
File: tikzlibraryshapes.arrows.code.tex 2021/05/15 v3.1.9a (3.1.9a)

(C:\Users\fljacob\AppData\Local\Programs\MiKTeX\tex/generic/pgf/libraries/shape
s\pgflibraryshapes.arrows.code.tex
File: pgflibraryshapes.arrows.code.tex 2021/05/15 v3.1.9a (3.1.9a)
))
(C:\Users\fljacob\AppData\Local\Programs\MiKTeX\tex/generic/pgf/frontendlayer/t
ikz/libraries\tikzlibraryshapes.callouts.code.tex
(C:\Users\fljacob\AppData\Local\Programs\MiKTeX\tex/generic/pgf/libraries/shape
s\pgflibraryshapes.callouts.code.tex))
(C:\Users\fljacob\AppData\Local\Programs\MiKTeX\tex/generic/pgf/frontendlayer/t
ikz/libraries\tikzlibraryshapes.multipart.code.tex
File: tikzlibraryshapes.multipart.code.tex 2021/05/15 v3.1.9a (3.1.9a)

(C:\Users\fljacob\AppData\Local\Programs\MiKTeX\tex/generic/pgf/libraries/shape
s\pgflibraryshapes.multipart.code.tex
File: pgflibraryshapes.multipart.code.tex 2021/05/15 v3.1.9a (3.1.9a)
\pgfnodepartlowerbox=\box75
\pgfnodeparttwobox=\box76
\pgfnodepartthreebox=\box77
\pgfnodepartfourbox=\box78
\pgfnodeparttwentybox=\box79
\pgfnodepartnineteenbox=\box80
\pgfnodeparteighteenbox=\box81
\pgfnodepartseventeenbox=\box82
\pgfnodepartsixteenbox=\box83
\pgfnodepartfifteenbox=\box84
\pgfnodepartfourteenbox=\box85
\pgfnodepartthirteenbox=\box86
\pgfnodeparttwelvebox=\box87
\pgfnodepartelevenbox=\box88
\pgfnodeparttenbox=\box89
\pgfnodepartninebox=\box90
\pgfnodeparteightbox=\box91
\pgfnodepartsevenbox=\box92
\pgfnodepartsixbox=\box93
\pgfnodepartfivebox=\box94
)))
(C:\Users\fljacob\AppData\Local\Programs\MiKTeX\tex/generic/pgf/frontendlayer/t
ikz/libraries\tikzlibrarypositioning.code.tex
File: tikzlibrarypositioning.code.tex 2021/05/15 v3.1.9a (3.1.9a)
)
(C:\Users\fljacob\AppData\Local\Programs\MiKTeX\tex/generic/pgf/frontendlayer/t
ikz/libraries\tikzlibraryshadows.code.tex
File: tikzlibraryshadows.code.tex 2021/05/15 v3.1.9a (3.1.9a)

(C:\Users\fljacob\AppData\Local\Programs\MiKTeX\tex/generic/pgf/frontendlayer/t
ikz/libraries\tikzlibraryfadings.code.tex
File: tikzlibraryfadings.code.tex 2021/05/15 v3.1.9a (3.1.9a)

(C:\Users\fljacob\AppData\Local\Programs\MiKTeX\tex/generic/pgf/libraries\pgfli
braryfadings.code.tex
File: pgflibraryfadings.code.tex 2021/05/15 v3.1.9a (3.1.9a)
)))
(C:\Users\fljacob\AppData\Local\Programs\MiKTeX\tex/generic/pgf/frontendlayer/t
ikz/libraries\tikzlibrarydecorations.code.tex
(C:\Users\fljacob\AppData\Local\Programs\MiKTeX\tex/generic/pgf/modules\pgfmodu
ledecorations.code.tex
\pgfdecoratedcompleteddistance=\dimen288
\pgfdecoratedremainingdistance=\dimen289
\pgfdecoratedinputsegmentcompleteddistance=\dimen290
\pgfdecoratedinputsegmentremainingdistance=\dimen291
\pgf@decorate@distancetomove=\dimen292
\pgf@decorate@repeatstate=\count325
\pgfdecorationsegmentamplitude=\dimen293
\pgfdecorationsegmentlength=\dimen294
)
\tikz@lib@dec@box=\box95
)
(C:\Users\fljacob\AppData\Local\Programs\MiKTeX\tex/generic/pgf/frontendlayer/t
ikz/libraries\tikzlibrarysnakes.code.tex
File: tikzlibrarysnakes.code.tex 2021/05/15 v3.1.9a (3.1.9a)


Package pgf Warning: Snakes have been superseded by decorations. Please use the
 decoration libraries instead of the snakes library on input line 14.


(C:\Users\fljacob\AppData\Local\Programs\MiKTeX\tex/generic/pgf/frontendlayer/t
ikz/libraries\tikzlibrarydecorations.pathmorphing.code.tex
(C:\Users\fljacob\AppData\Local\Programs\MiKTeX\tex/generic/pgf/libraries/decor
ations\pgflibrarydecorations.pathmorphing.code.tex))
(C:\Users\fljacob\AppData\Local\Programs\MiKTeX\tex/generic/pgf/frontendlayer/t
ikz/libraries\tikzlibrarydecorations.pathreplacing.code.tex
(C:\Users\fljacob\AppData\Local\Programs\MiKTeX\tex/generic/pgf/libraries/decor
ations\pgflibrarydecorations.pathreplacing.code.tex))
(C:\Users\fljacob\AppData\Local\Programs\MiKTeX\tex/generic/pgf/frontendlayer/t
ikz/libraries\tikzlibrarydecorations.shapes.code.tex
(C:\Users\fljacob\AppData\Local\Programs\MiKTeX\tex/generic/pgf/libraries/decor
ations\pgflibrarydecorations.shapes.code.tex)))
(C:\Users\fljacob\AppData\Local\Programs\MiKTeX\tex/latex/natbib\natbib.sty
Package: natbib 2010/09/13 8.31b (PWD, AO)
\bibhang=\skip83
\bibsep=\skip84
LaTeX Info: Redefining \cite on input line 694.
\c@NAT@ctr=\count326
)
(C:\Users\fljacob\AppData\Local\Programs\MiKTeX\tex/latex/ragged2e\ragged2e.sty
Package: ragged2e 2021/12/15 v3.1 ragged2e Package
\CenteringLeftskip=\skip85
\RaggedLeftLeftskip=\skip86
\RaggedRightLeftskip=\skip87
\CenteringRightskip=\skip88
\RaggedLeftRightskip=\skip89
\RaggedRightRightskip=\skip90
\CenteringParfillskip=\skip91
\RaggedLeftParfillskip=\skip92
\RaggedRightParfillskip=\skip93
\JustifyingParfillskip=\skip94
\CenteringParindent=\skip95
\RaggedLeftParindent=\skip96
\RaggedRightParindent=\skip97
\JustifyingParindent=\skip98
)

Class scrreprt Warning: Usage of package `fancyhdr' together
(scrreprt)              with a KOMA-Script class is not recommended.
(scrreprt)              I'd suggest to use 
(scrreprt)              package `scrlayer' or `scrlayer-scrpage', because
(scrreprt)              they support KOMA-Script classes.
(scrreprt)              With `fancyhdr' several features of class `scrreprt'
(scrreprt)              like options `headsepline', `footsepline' or command
(scrreprt)              `\MakeMarkcase' and the commands `\setkomafont' and
(scrreprt)              `\addtokomafont' for the page style elements need
(scrreprt)              explicite user intervention to work.
(scrreprt)              Nevertheless, using requested
(scrreprt)              package `fancyhdr' on input line 78.


(C:\Users\fljacob\AppData\Local\Programs\MiKTeX\tex/latex/fancyhdr\fancyhdr.sty
Package: fancyhdr 2021/01/28 v4.0.1 Extensive control of page headers and foote
rs
\f@nch@headwidth=\skip99
\f@nch@O@elh=\skip100
\f@nch@O@erh=\skip101
\f@nch@O@olh=\skip102
\f@nch@O@orh=\skip103
\f@nch@O@elf=\skip104
\f@nch@O@erf=\skip105
\f@nch@O@olf=\skip106
\f@nch@O@orf=\skip107
) (C:\Users\fljacob\AppData\Local\Programs\MiKTeX\tex/latex/siunitx\siunitx.sty
Package: siunitx 2022-04-04 v3.0.50 A comprehensive (SI) units package
\l__siunitx_angle_tmp_dim=\dimen295
\l__siunitx_angle_marker_box=\box96
\l__siunitx_angle_unit_box=\box97
\l__siunitx_compound_count_int=\count327

(C:\Users\fljacob\AppData\Local\Programs\MiKTeX\tex/latex/translations\translat
ions.sty
Package: translations 2022/02/05 v1.12 internationalization of LaTeX2e packages
 (CN)

(C:\Users\fljacob\AppData\Local\Programs\MiKTeX\tex/latex/etoolbox\etoolbox.sty
Package: etoolbox 2020/10/05 v2.5k e-TeX tools for LaTeX (JAW)
\etb@tempcnta=\count328
))
\l__siunitx_number_exponent_fixed_int=\count329
\l__siunitx_number_min_decimal_int=\count330
\l__siunitx_number_min_integer_int=\count331
\l__siunitx_number_round_precision_int=\count332
\l__siunitx_number_group_minimum_int=\count333
\l__siunitx_table_tmp_box=\box98
\l__siunitx_table_tmp_dim=\dimen296
\l__siunitx_table_column_width_dim=\dimen297
\l__siunitx_table_integer_box=\box99
\l__siunitx_table_decimal_box=\box100
\l__siunitx_table_before_box=\box101
\l__siunitx_table_after_box=\box102
\l__siunitx_table_before_dim=\dimen298
\l__siunitx_table_carry_dim=\dimen299
\l__siunitx_unit_tmp_int=\count334
\l__siunitx_unit_position_int=\count335
\l__siunitx_unit_total_int=\count336
 (C:\Users\fljacob\AppData\Local\Programs\MiKTeX\tex/latex/tools\array.sty
Package: array 2021/10/04 v2.5f Tabular extension package (FMi)
\col@sep=\dimen300
\ar@mcellbox=\box103
\extrarowheight=\dimen301
\NC@list=\toks46
\extratabsurround=\skip108
\backup@length=\skip109
\ar@cellbox=\box104
))

Package siunitx Info: Option "overwrite-functions" has been deprecated in this
(siunitx)             release.
(siunitx)             
(siunitx)             Use "overwrite-commands" as a replacement.


\transparent@use{.5}
(Style/classic_style.sty
(C:\Users\fljacob\AppData\Local\Programs\MiKTeX\tex/latex/lastpage\lastpage.sty
Package: lastpage 2021/09/03 v1.2n Refers to last page's name (HMM; JPG)
)
(C:\Users\fljacob\AppData\Local\Programs\MiKTeX\tex/latex/setspace\setspace.sty
Package: setspace 2011/12/19 v6.7a set line spacing
))
(C:\Users\fljacob\AppData\Local\Programs\MiKTeX\tex/latex/hyperref\hyperref.sty
Package: hyperref 2022-02-21 v7.00n Hypertext links for LaTeX

(C:\Users\fljacob\AppData\Local\Programs\MiKTeX\tex/generic/pdfescape\pdfescape
.sty
Package: pdfescape 2019/12/09 v1.15 Implements pdfTeX's escape features (HO)
)
(C:\Users\fljacob\AppData\Local\Programs\MiKTeX\tex/latex/hycolor\hycolor.sty
Package: hycolor 2020-01-27 v1.10 Color options for hyperref/bookmark (HO)
)
(C:\Users\fljacob\AppData\Local\Programs\MiKTeX\tex/latex/letltxmacro\letltxmac
ro.sty
Package: letltxmacro 2019/12/03 v1.6 Let assignment for LaTeX macros (HO)
)
\@linkdim=\dimen302
\Hy@linkcounter=\count337
\Hy@pagecounter=\count338

(C:\Users\fljacob\AppData\Local\Programs\MiKTeX\tex/latex/hyperref\pd1enc.def
File: pd1enc.def 2022-02-21 v7.00n Hyperref: PDFDocEncoding definition (HO)
)
(C:\Users\fljacob\AppData\Local\Programs\MiKTeX\tex/generic/intcalc\intcalc.sty
Package: intcalc 2019/12/15 v1.3 Expandable calculations with integers (HO)
)
\Hy@SavedSpaceFactor=\count339
 (C:\Users\fljacob\AppData\Local\Programs\MiKTeX\tex/latex/hyperref\puenc.def
File: puenc.def 2022-02-21 v7.00n Hyperref: PDF Unicode definition (HO)
)
Package hyperref Info: Hyper figures OFF on input line 4137.
Package hyperref Info: Link nesting OFF on input line 4142.
Package hyperref Info: Hyper index ON on input line 4145.
Package hyperref Info: Plain pages OFF on input line 4152.
Package hyperref Info: Backreferencing OFF on input line 4157.
Package hyperref Info: Implicit mode ON; LaTeX internals redefined.
Package hyperref Info: Bookmarks ON on input line 4390.
\c@Hy@tempcnt=\count340
LaTeX Info: Redefining \url on input line 4749.
\XeTeXLinkMargin=\dimen303
(C:\Users\fljacob\AppData\Local\Programs\MiKTeX\tex/generic/bitset\bitset.sty
Package: bitset 2019/12/09 v1.3 Handle bit-vector datatype (HO)

(C:\Users\fljacob\AppData\Local\Programs\MiKTeX\tex/generic/bigintcalc\bigintca
lc.sty
Package: bigintcalc 2019/12/15 v1.5 Expandable calculations on big integers (HO
)
))
\Fld@menulength=\count341
\Field@Width=\dimen304
\Fld@charsize=\dimen305
Package hyperref Info: Hyper figures OFF on input line 6027.
Package hyperref Info: Link nesting OFF on input line 6032.
Package hyperref Info: Hyper index ON on input line 6035.
Package hyperref Info: backreferencing OFF on input line 6042.
Package hyperref Info: Link coloring OFF on input line 6047.
Package hyperref Info: Link coloring with OCG OFF on input line 6052.
Package hyperref Info: PDF/A mode OFF on input line 6057.
LaTeX Info: Redefining \ref on input line 6097.
LaTeX Info: Redefining \pageref on input line 6101.

(C:\Users\fljacob\AppData\Local\Programs\MiKTeX\tex/latex/base\atbegshi-ltx.sty
Package: atbegshi-ltx 2021/01/10 v1.0c Emulation of the original atbegshi
package with kernel methods
)
\Hy@abspage=\count342
\c@Item=\count343
\c@Hfootnote=\count344
)
Package hyperref Info: Driver (autodetected): hpdftex.

(C:\Users\fljacob\AppData\Local\Programs\MiKTeX\tex/latex/hyperref\hpdftex.def
File: hpdftex.def 2022-02-21 v7.00n Hyperref driver for pdfTeX

(C:\Users\fljacob\AppData\Local\Programs\MiKTeX\tex/latex/base\atveryend-ltx.st
y
Package: atveryend-ltx 2020/08/19 v1.0a Emulation of the original atveryend pac
kage
with kernel methods
)
\Fld@listcount=\count345
\c@bookmark@seq@number=\count346

(C:\Users\fljacob\AppData\Local\Programs\MiKTeX\tex/latex/rerunfilecheck\rerunf
ilecheck.sty
Package: rerunfilecheck 2019/12/05 v1.9 Rerun checks for auxiliary files (HO)

(C:\Users\fljacob\AppData\Local\Programs\MiKTeX\tex/generic/uniquecounter\uniqu
ecounter.sty
Package: uniquecounter 2019/12/15 v1.4 Provide unlimited unique counter (HO)
)
Package uniquecounter Info: New unique counter `rerunfilecheck' on input line 2
86.
)
\Hy@SectionHShift=\skip110
)
LaTeX Font Info:    Trying to load font information for T1+ptm on input line 16
0.

(C:\Users\fljacob\AppData\Local\Programs\MiKTeX\tex/latex/psnfss\t1ptm.fd
File: t1ptm.fd 2001/06/04 font definitions for T1/ptm.
)
(D:\Dokumente_Florian_Jacob_OVGU\Masterarbeit\Latex\build\Masterarbeit.aux

LaTeX Warning: Label `Abb: lueftung' multiply defined.


LaTeX Warning: Label `Abb: lueftung' multiply defined.


LaTeX Warning: Label `Abb: lueftung' multiply defined.


LaTeX Warning: Label `Abb: lueftung' multiply defined.


LaTeX Warning: Label `Abb: lueftung' multiply defined.


LaTeX Warning: Label `Abb: lueftung' multiply defined.


LaTeX Warning: Label `Abb: lueftung' multiply defined.


LaTeX Warning: Label `Abb: lueftung' multiply defined.

)
\openout1 = `Masterarbeit.aux'.

LaTeX Font Info:    Checking defaults for OML/cmm/m/it on input line 160.
LaTeX Font Info:    ... okay on input line 160.
LaTeX Font Info:    Checking defaults for OMS/cmsy/m/n on input line 160.
LaTeX Font Info:    ... okay on input line 160.
LaTeX Font Info:    Checking defaults for OT1/cmr/m/n on input line 160.
LaTeX Font Info:    ... okay on input line 160.
LaTeX Font Info:    Checking defaults for T1/cmr/m/n on input line 160.
LaTeX Font Info:    ... okay on input line 160.
LaTeX Font Info:    Checking defaults for TS1/cmr/m/n on input line 160.
LaTeX Font Info:    ... okay on input line 160.
LaTeX Font Info:    Checking defaults for OMX/cmex/m/n on input line 160.
LaTeX Font Info:    ... okay on input line 160.
LaTeX Font Info:    Checking defaults for U/cmr/m/n on input line 160.
LaTeX Font Info:    ... okay on input line 160.
LaTeX Font Info:    Checking defaults for PD1/pdf/m/n on input line 160.
LaTeX Font Info:    ... okay on input line 160.
LaTeX Font Info:    Checking defaults for PU/pdf/m/n on input line 160.
LaTeX Font Info:    ... okay on input line 160.
 (C:\Users\fljacob\AppData\Local\Programs\MiKTeX\tex/latex/ucs\ucsencs.def
File: ucsencs.def 2011/01/21 Fixes to fontencodings LGR, T3
)
(C:\Users\fljacob\AppData\Local\Programs\MiKTeX\tex/context/base/mkii\supp-pdf.
mkii
[Loading MPS to PDF converter (version 2006.09.02).]
\scratchcounter=\count347
\scratchdimen=\dimen306
\scratchbox=\box105
\nofMPsegments=\count348
\nofMParguments=\count349
\everyMPshowfont=\toks47
\MPscratchCnt=\count350
\MPscratchDim=\dimen307
\MPnumerator=\count351
\makeMPintoPDFobject=\count352
\everyMPtoPDFconversion=\toks48
)
*geometry* driver: auto-detecting
*geometry* detected driver: pdftex
*geometry* verbose mode - [ preamble ] result:
* driver: pdftex
* paper: a4paper
* layout: <same size as paper>
* layoutoffset:(h,v)=(0.0pt,0.0pt)
* modes: 
* h-part:(L,W,R)=(56.9055pt, 483.69687pt, 56.9055pt)
* v-part:(T,H,B)=(56.9055pt, 731.23584pt, 56.9055pt)
* \paperwidth=597.50787pt
* \paperheight=845.04684pt
* \textwidth=483.69687pt
* \textheight=731.23584pt
* \oddsidemargin=-15.36449pt
* \evensidemargin=-15.36449pt
* \topmargin=-55.23949pt
* \headheight=15.2pt
* \headsep=21.75pt
* \topskip=12.0pt
* \footskip=50.75pt
* \marginparwidth=49.79233pt
* \marginparsep=12.8401pt
* \columnsep=10.0pt
* \skip\footins=10.8pt plus 4.0pt minus 2.0pt
* \hoffset=0.0pt
* \voffset=0.0pt
* \mag=1000
* \@twocolumnfalse
* \@twosidefalse
* \@mparswitchfalse
* \@reversemarginfalse
* (1in=72.27pt=25.4mm, 1cm=28.453pt)

Package caption Info: Begin \AtBeginDocument code.
Package caption Info: hyperref package is loaded.
Package caption Info: End \AtBeginDocument code.

Package chemgreek Info: Activating mapping `default' on line 160.

()

Package svg Warning: No version of Inkscape was detected by invoking
(svg)                `inkscape -V'
(svg)                so the Inkscape export will fail quite sure as the
(svg)                command is probably unknown to your OS. You could set
(svg)                `inkscapeversion=<version>' manually but this is very
(svg)                unlikely to work on input line 160.


(C:\Users\fljacob\AppData\Local\Programs\MiKTeX\tex/latex/translations/dicts\tr
anslations-basic-dictionary-german.trsl
File: translations-basic-dictionary-german.trsl (german translation file `trans
lations-basic-dictionary')
)
Package translations Info: loading dictionary `translations-basic-dictionary' f
or `german'. on input line 160.
Package lastpage Info: Please have a look at the pageslts package at
(lastpage)             https://www.ctan.org/pkg/pageslts
(lastpage)             ! on input line 160.
Package hyperref Info: Link coloring OFF on input line 160.

(C:\Users\fljacob\AppData\Local\Programs\MiKTeX\tex/latex/hyperref\nameref.sty
Package: nameref 2021-04-02 v2.47 Cross-referencing by name of section

(C:\Users\fljacob\AppData\Local\Programs\MiKTeX\tex/latex/refcount\refcount.sty
Package: refcount 2019/12/15 v3.6 Data extraction from label references (HO)
)
(C:\Users\fljacob\AppData\Local\Programs\MiKTeX\tex/generic/gettitlestring\gett
itlestring.sty
Package: gettitlestring 2019/12/15 v1.6 Cleanup title references (HO)
)
\c@section@level=\count353
)
LaTeX Info: Redefining \ref on input line 160.
LaTeX Info: Redefining \pageref on input line 160.
LaTeX Info: Redefining \nameref on input line 160.

(D:\Dokumente_Florian_Jacob_OVGU\Masterarbeit\Latex\build\Masterarbeit.out)
(D:\Dokumente_Florian_Jacob_OVGU\Masterarbeit\Latex\build\Masterarbeit.out)
\@outlinefile=\write4
\openout4 = `Masterarbeit.out'.

Class scrreprt Info: loading recommended package `bookmark'.
(scrreprt)           Using `bookmark' together with `hyperref' is recommended,
(scrreprt)           because of handling of possible bookmark level gaps.
(scrreprt)           You can avoid loading `bookmark' with KOMA-Script option
(scrreprt)           `bookmarkpackage=false' before \begin{document} and
(scrreprt)           you can avoid this message adding:
(scrreprt)             \usepackage{bookmark}
(scrreprt)           before \begin{document} on input line 160.

(C:\Users\fljacob\AppData\Local\Programs\MiKTeX\tex/latex/bookmark\bookmark.sty
Package: bookmark 2020-11-06 v1.29 PDF bookmarks (HO)

(C:\Users\fljacob\AppData\Local\Programs\MiKTeX\tex/latex/bookmark\bkm-pdftex.d
ef
File: bkm-pdftex.def 2020-11-06 v1.29 bookmark driver for pdfTeX (HO)
\BKM@id=\count354
))
Package epstopdf Info: Source file: <../Grafiken//Logo.eps>
(epstopdf)                    date: 2021-12-06 16:02:48
(epstopdf)                    size: 805766 bytes
(epstopdf)             Output file: <./Grafiken/Logo-eps-converted-to.pdf>
(epstopdf)                    date: 2021-12-06 16:02:48
(epstopdf)                    size: 36283 bytes
(epstopdf)             Command: <miktex-epstopdf-unrestricted --outfile=./Grafi
ken/Logo-eps-converted-to.pdf ../Grafiken//Logo.eps>
(epstopdf)             \includegraphics on input line 163.
Package epstopdf Info: Output file is already uptodate.


pdfTeX warning: pdflatex (file ./Grafiken/Logo-eps-converted-to.pdf): PDF inclu
sion: found PDF version <1.7>, but at most version <1.5> allowed
<./Grafiken/Logo-eps-converted-to.pdf, id=30, 914.41624pt x 151.56625pt>
File: ./Grafiken/Logo-eps-converted-to.pdf Graphic file (type pdf)
<use ./Grafiken/Logo-eps-converted-to.pdf>
Package pdftex.def Info: ./Grafiken/Logo-eps-converted-to.pdf  used on input li
ne 163.
(pdftex.def)             Requested size: 241.84843pt x 40.08623pt.
(C:\Users\fljacob\AppData\Local\Programs\MiKTeX\tex/latex/ucs\uni-0.def
File: uni-0.def 2013/05/13 UCS: Unicode data U+0000..U+00FF
)
LaTeX Font Info:    Trying to load font information for U+msa on input line 163
.

(C:\Users\fljacob\AppData\Local\Programs\MiKTeX\tex/latex/amsfonts\umsa.fd
File: umsa.fd 2013/01/14 v3.01 AMS symbols A
)
LaTeX Font Info:    Trying to load font information for U+msb on input line 163
.

(C:\Users\fljacob\AppData\Local\Programs\MiKTeX\tex/latex/amsfonts\umsb.fd
File: umsb.fd 2013/01/14 v3.01 AMS symbols B
)
[1


{C:/Users/fljacob/AppData/Local/MiKTeX/fonts/map/pdftex/pdftex.map} <./Grafiken
/Logo-eps-converted-to.pdf>] [2]
LaTeX Font Info:    Trying to load font information for T1+cmss on input line 1
75.

(C:\Users\fljacob\AppData\Local\Programs\MiKTeX\tex/latex/base\t1cmss.fd
File: t1cmss.fd 2019/12/16 v2.5j Standard LaTeX font definitions
)
(D:\Dokumente_Florian_Jacob_OVGU\Masterarbeit\Latex\build\Masterarbeit.toc)
\tf@toc=\write5
\openout5 = `Masterarbeit.toc'.


[3

]
chapter 1.

Class scrreprt Warning: \float@addtolists detected!
(scrreprt)              Implementation of \float@addtolist became
(scrreprt)              deprecated in KOMA-Script v3.01 2008/11/14 and
(scrreprt)              has been replaced by several more flexible
(scrreprt)              features of package `tocbasic`.
(scrreprt)              Since Version 3.12 support for deprecated
(scrreprt)              \float@addtolist interface has been
(scrreprt)              restricted to only some of the KOMA-Script
(scrreprt)              features and been removed from others.
(scrreprt)              Loading of package `scrhack' may help to
(scrreprt)              avoid this warning, if you are using a
(scrreprt)              a package that still implements the
(scrreprt)              deprecated \float@addtolist interface.

[1

]
chapter 2.
LaTeX Font Info:    Trying to load font information for TS1+ptm on input line 1
90.
(C:\Users\fljacob\AppData\Local\Programs\MiKTeX\tex/latex/psnfss\ts1ptm.fd
File: ts1ptm.fd 2001/06/04 font definitions for TS1/ptm.
)
Package acronym Info: Label `acro:LR' newly defined as it shall be overridden
although it is yet undefined on input line 191.

[2

]
Underfull \hbox (badness 10000) in paragraph at lines 208--217

 []


Underfull \hbox (badness 10000) in paragraph at lines 208--217

 []


Underfull \hbox (badness 10000) in paragraph at lines 224--232

 []


Underfull \hbox (badness 10000) in paragraph at lines 224--232

 []


Underfull \hbox (badness 10000) in paragraph at lines 237--244

 []

[3]
Overfull \hbox (31.80025pt too wide) in paragraph at lines 246--251
[] 
 []


Underfull \hbox (badness 10000) in paragraph at lines 246--251

 []

<../Grafiken//Simulation.pdf, id=146, 370.38374pt x 291.0875pt>
File: ../Grafiken//Simulation.pdf Graphic file (type pdf)
<use ../Grafiken//Simulation.pdf>
Package pdftex.def Info: ../Grafiken//Simulation.pdf  used on input line 272.
(pdftex.def)             Requested size: 386.95897pt x 304.11852pt.
[4] [5 <D:/Dokumente_Florian_Jacob_OVGU/Masterarbeit/Latex/Grafiken/Simulation.
pdf>]
Underfull \hbox (badness 10000) in paragraph at lines 302--303

 []

[6]
<../Grafiken//Simulation_fit1.pdf, id=193, 369.58253pt x 290.52663pt>
File: ../Grafiken//Simulation_fit1.pdf Graphic file (type pdf)
<use ../Grafiken//Simulation_fit1.pdf>
Package pdftex.def Info: ../Grafiken//Simulation_fit1.pdf  used on input line 3
52.
(pdftex.def)             Requested size: 386.95897pt x 304.19748pt.
<../Grafiken//Simulation_fit2.pdf, id=194, 369.58253pt x 290.52663pt>
File: ../Grafiken//Simulation_fit2.pdf Graphic file (type pdf)
<use ../Grafiken//Simulation_fit2.pdf>
Package pdftex.def Info: ../Grafiken//Simulation_fit2.pdf  used on input line 3
60.
(pdftex.def)             Requested size: 386.95897pt x 304.19748pt.
 [7 <D:/Dokumente_Florian_Jacob_OVGU/Masterarbeit/Latex/Grafiken/Simulation_fit
1.pdf>] [8 <D:/Dokumente_Florian_Jacob_OVGU/Masterarbeit/Latex/Grafiken/Simulat
ion_fit2.pdf>]
Underfull \hbox (badness 10000) in paragraph at lines 389--418

 []


Underfull \hbox (badness 10000) in paragraph at lines 389--418

 []


Underfull \hbox (badness 10000) in paragraph at lines 389--418

 []


Underfull \hbox (badness 10000) in paragraph at lines 419--422

 []

[9]
Package epstopdf Info: Source file: <../Grafiken//V_{ap}.eps>
(epstopdf)                    date: 2022-04-25 14:30:51
(epstopdf)                    size: 101393 bytes
(epstopdf)             Output file: <./Grafiken/V_{ap}-eps-converted-to.pdf>
(epstopdf)                    date: 2022-04-25 14:33:19
(epstopdf)                    size: 30084 bytes
(epstopdf)             Command: <miktex-epstopdf-unrestricted --outfile=./Grafi
ken/V_{ap}-eps-converted-to.pdf ../Grafiken//V_{ap}.eps>
(epstopdf)             \includegraphics on input line 433.
Package epstopdf Info: Output file is already uptodate.


pdfTeX warning: pdflatex (file ./Grafiken/V_{ap}-eps-converted-to.pdf): PDF inc
lusion: found PDF version <1.7>, but at most version <1.5> allowed
<./Grafiken/V_{ap}-eps-converted-to.pdf, id=235, 602.25pt x 225.84375pt>
File: ./Grafiken/V_{ap}-eps-converted-to.pdf Graphic file (type pdf)
<use ./Grafiken/V_{ap}-eps-converted-to.pdf>
Package pdftex.def Info: ./Grafiken/V_{ap}-eps-converted-to.pdf  used on input 
line 433.
(pdftex.def)             Requested size: 483.69687pt x 181.39201pt.
Package epstopdf Info: Source file: <../Grafiken//eta_{ap}.eps>
(epstopdf)                    date: 2022-04-25 14:24:36
(epstopdf)                    size: 113229 bytes
(epstopdf)             Output file: <./Grafiken/eta_{ap}-eps-converted-to.pdf>
(epstopdf)                    date: 2022-04-25 14:33:20
(epstopdf)                    size: 35954 bytes
(epstopdf)             Command: <miktex-epstopdf-unrestricted --outfile=./Grafi
ken/eta_{ap}-eps-converted-to.pdf ../Grafiken//eta_{ap}.eps>
(epstopdf)             \includegraphics on input line 442.
Package epstopdf Info: Output file is already uptodate.


pdfTeX warning: pdflatex (file ./Grafiken/eta_{ap}-eps-converted-to.pdf): PDF i
nclusion: found PDF version <1.7>, but at most version <1.5> allowed
<./Grafiken/eta_{ap}-eps-converted-to.pdf, id=238, 602.25pt x 225.84375pt>
File: ./Grafiken/eta_{ap}-eps-converted-to.pdf Graphic file (type pdf)
<use ./Grafiken/eta_{ap}-eps-converted-to.pdf>
Package pdftex.def Info: ./Grafiken/eta_{ap}-eps-converted-to.pdf  used on inpu
t line 442.
(pdftex.def)             Requested size: 483.69687pt x 181.39201pt.
[10 <./Grafiken/V_{ap}-eps-converted-to.pdf> <./Grafiken/eta_{ap}-eps-converted
-to.pdf>]
Package epstopdf Info: Source file: <../Grafiken//t_{ventintervall}.eps>
(epstopdf)                    date: 2022-04-25 14:32:16
(epstopdf)                    size: 98906 bytes
(epstopdf)             Output file: <./Grafiken/t_{ventintervall}-eps-converted
-to.pdf>
(epstopdf)                    date: 2022-04-25 14:33:21
(epstopdf)                    size: 30473 bytes
(epstopdf)             Command: <miktex-epstopdf-unrestricted --outfile=./Grafi
ken/t_{ventintervall}-eps-converted-to.pdf ../Grafiken//t_{ventintervall}.eps>
(epstopdf)             \includegraphics on input line 456.
Package epstopdf Info: Output file is already uptodate.


pdfTeX warning: pdflatex (file ./Grafiken/t_{ventintervall}-eps-converted-to.pd
f): PDF inclusion: found PDF version <1.7>, but at most version <1.5> allowed
<./Grafiken/t_{ventintervall}-eps-converted-to.pdf, id=259, 602.25pt x 225.8437
5pt>
File: ./Grafiken/t_{ventintervall}-eps-converted-to.pdf Graphic file (type pdf)

<use ./Grafiken/t_{ventintervall}-eps-converted-to.pdf>
Package pdftex.def Info: ./Grafiken/t_{ventintervall}-eps-converted-to.pdf  use
d on input line 456.
(pdftex.def)             Requested size: 483.69687pt x 181.39201pt.
Package epstopdf Info: Source file: <../Grafiken//t_{ventduration}.eps>
(epstopdf)                    date: 2022-05-19 11:29:04
(epstopdf)                    size: 101004 bytes
(epstopdf)             Output file: <./Grafiken/t_{ventduration}-eps-converted-
to.pdf>
(epstopdf)                    date: 2022-05-19 11:49:16
(epstopdf)                    size: 30803 bytes
(epstopdf)             Command: <miktex-epstopdf-unrestricted --outfile=./Grafi
ken/t_{ventduration}-eps-converted-to.pdf ../Grafiken//t_{ventduration}.eps>
(epstopdf)             \includegraphics on input line 464.
Package epstopdf Info: Output file is already uptodate.


pdfTeX warning: pdflatex (file ./Grafiken/t_{ventduration}-eps-converted-to.pdf
): PDF inclusion: found PDF version <1.7>, but at most version <1.5> allowed
<./Grafiken/t_{ventduration}-eps-converted-to.pdf, id=260, 602.25pt x 225.84375
pt>
File: ./Grafiken/t_{ventduration}-eps-converted-to.pdf Graphic file (type pdf)
<use ./Grafiken/t_{ventduration}-eps-converted-to.pdf>
Package pdftex.def Info: ./Grafiken/t_{ventduration}-eps-converted-to.pdf  used
 on input line 464.
(pdftex.def)             Requested size: 483.69687pt x 181.39201pt.
Package epstopdf Info: Source file: <../Grafiken//n_{vent}.eps>
(epstopdf)                    date: 2022-05-19 11:28:10
(epstopdf)                    size: 100952 bytes
(epstopdf)             Output file: <./Grafiken/n_{vent}-eps-converted-to.pdf>
(epstopdf)                    date: 2022-05-19 11:49:17
(epstopdf)                    size: 30777 bytes
(epstopdf)             Command: <miktex-epstopdf-unrestricted --outfile=./Grafi
ken/n_{vent}-eps-converted-to.pdf ../Grafiken//n_{vent}.eps>
(epstopdf)             \includegraphics on input line 474.
Package epstopdf Info: Output file is already uptodate.


pdfTeX warning: pdflatex (file ./Grafiken/n_{vent}-eps-converted-to.pdf): PDF i
nclusion: found PDF version <1.7>, but at most version <1.5> allowed
<./Grafiken/n_{vent}-eps-converted-to.pdf, id=261, 602.25pt x 225.84375pt>
File: ./Grafiken/n_{vent}-eps-converted-to.pdf Graphic file (type pdf)
<use ./Grafiken/n_{vent}-eps-converted-to.pdf>
Package pdftex.def Info: ./Grafiken/n_{vent}-eps-converted-to.pdf  used on inpu
t line 474.
(pdftex.def)             Requested size: 483.69687pt x 181.39201pt.
[11 <./Grafiken/t_{ventintervall}-eps-converted-to.pdf> <./Grafiken/t_{ventdura
tion}-eps-converted-to.pdf>] [12 <./Grafiken/n_{vent}-eps-converted-to.pdf>]
Package epstopdf Info: Source file: <../Grafiken//c_{breath}.eps>
(epstopdf)                    date: 2022-04-25 14:31:17
(epstopdf)                    size: 77335 bytes
(epstopdf)             Output file: <./Grafiken/c_{breath}-eps-converted-to.pdf
>
(epstopdf)                    date: 2022-04-25 14:33:23
(epstopdf)                    size: 23629 bytes
(epstopdf)             Command: <miktex-epstopdf-unrestricted --outfile=./Grafi
ken/c_{breath}-eps-converted-to.pdf ../Grafiken//c_{breath}.eps>
(epstopdf)             \includegraphics on input line 487.
Package epstopdf Info: Output file is already uptodate.


pdfTeX warning: pdflatex (file ./Grafiken/c_{breath}-eps-converted-to.pdf): PDF
 inclusion: found PDF version <1.7>, but at most version <1.5> allowed
<./Grafiken/c_{breath}-eps-converted-to.pdf, id=288, 602.25pt x 225.84375pt>
File: ./Grafiken/c_{breath}-eps-converted-to.pdf Graphic file (type pdf)
<use ./Grafiken/c_{breath}-eps-converted-to.pdf>
Package pdftex.def Info: ./Grafiken/c_{breath}-eps-converted-to.pdf  used on in
put line 487.
(pdftex.def)             Requested size: 483.69687pt x 181.39201pt.
Package epstopdf Info: Source file: <../Grafiken//V_{breath}.eps>
(epstopdf)                    date: 2022-04-25 14:31:43
(epstopdf)                    size: 85152 bytes
(epstopdf)             Output file: <./Grafiken/V_{breath}-eps-converted-to.pdf
>
(epstopdf)                    date: 2022-04-25 14:33:24
(epstopdf)                    size: 25532 bytes
(epstopdf)             Command: <miktex-epstopdf-unrestricted --outfile=./Grafi
ken/V_{breath}-eps-converted-to.pdf ../Grafiken//V_{breath}.eps>
(epstopdf)             \includegraphics on input line 496.
Package epstopdf Info: Output file is already uptodate.


pdfTeX warning: pdflatex (file ./Grafiken/V_{breath}-eps-converted-to.pdf): PDF
 inclusion: found PDF version <1.7>, but at most version <1.5> allowed
<./Grafiken/V_{breath}-eps-converted-to.pdf, id=289, 602.25pt x 225.84375pt>
File: ./Grafiken/V_{breath}-eps-converted-to.pdf Graphic file (type pdf)
<use ./Grafiken/V_{breath}-eps-converted-to.pdf>
Package pdftex.def Info: ./Grafiken/V_{breath}-eps-converted-to.pdf  used on in
put line 496.
(pdftex.def)             Requested size: 483.69687pt x 181.39201pt.
[13 <./Grafiken/c_{breath}-eps-converted-to.pdf> <./Grafiken/V_{breath}-eps-con
verted-to.pdf>]
Package epstopdf Info: Source file: <../Grafiken//t_{vir}.eps>
(epstopdf)                    date: 2022-04-25 14:32:57
(epstopdf)                    size: 98902 bytes
(epstopdf)             Output file: <./Grafiken/t_{vir}-eps-converted-to.pdf>
(epstopdf)                    date: 2022-04-25 14:33:25
(epstopdf)                    size: 26336 bytes
(epstopdf)             Command: <miktex-epstopdf-unrestricted --outfile=./Grafi
ken/t_{vir}-eps-converted-to.pdf ../Grafiken//t_{vir}.eps>
(epstopdf)             \includegraphics on input line 510.
Package epstopdf Info: Output file is already uptodate.


pdfTeX warning: pdflatex (file ./Grafiken/t_{vir}-eps-converted-to.pdf): PDF in
clusion: found PDF version <1.7>, but at most version <1.5> allowed
<./Grafiken/t_{vir}-eps-converted-to.pdf, id=306, 602.25pt x 225.84375pt>
File: ./Grafiken/t_{vir}-eps-converted-to.pdf Graphic file (type pdf)
<use ./Grafiken/t_{vir}-eps-converted-to.pdf>
Package pdftex.def Info: ./Grafiken/t_{vir}-eps-converted-to.pdf  used on input
 line 510.
(pdftex.def)             Requested size: 483.69687pt x 181.39201pt.
Package epstopdf Info: Source file: <../Grafiken//V_{room}.eps>
(epstopdf)                    date: 2022-04-25 14:32:00
(epstopdf)                    size: 96725 bytes
(epstopdf)             Output file: <./Grafiken/V_{room}-eps-converted-to.pdf>
(epstopdf)                    date: 2022-04-25 14:33:26
(epstopdf)                    size: 30148 bytes
(epstopdf)             Command: <miktex-epstopdf-unrestricted --outfile=./Grafi
ken/V_{room}-eps-converted-to.pdf ../Grafiken//V_{room}.eps>
(epstopdf)             \includegraphics on input line 522.
Package epstopdf Info: Output file is already uptodate.


pdfTeX warning: pdflatex (file ./Grafiken/V_{room}-eps-converted-to.pdf): PDF i
nclusion: found PDF version <1.7>, but at most version <1.5> allowed
<./Grafiken/V_{room}-eps-converted-to.pdf, id=307, 602.25pt x 225.84375pt>
File: ./Grafiken/V_{room}-eps-converted-to.pdf Graphic file (type pdf)
<use ./Grafiken/V_{room}-eps-converted-to.pdf>
Package pdftex.def Info: ./Grafiken/V_{room}-eps-converted-to.pdf  used on inpu
t line 522.
(pdftex.def)             Requested size: 483.69687pt x 181.39201pt.
[14 <./Grafiken/t_{vir}-eps-converted-to.pdf> <./Grafiken/V_{room}-eps-converte
d-to.pdf>]

LaTeX Warning: File `timesplit001_AG.eps' not found on input line 538.

Package epstopdf Info: Source file: <timesplit001_AG.eps>
(epstopdf)             Output file: <./Grafiken/timesplit001_AG-eps-converted-t
o.pdf>
(epstopdf)                    date: 2022-05-12 16:01:21
(epstopdf)                    size: 7320 bytes
(epstopdf)             Command: <miktex-epstopdf-unrestricted --outfile=./Grafi
ken/timesplit001_AG-eps-converted-to.pdf timesplit001_AG.eps>
(epstopdf)             \includegraphics on input line 538.
Package epstopdf Info: Output file is already uptodate.


pdfTeX warning: pdflatex (file ./Grafiken/timesplit001_AG-eps-converted-to.pdf)
: PDF inclusion: found PDF version <1.7>, but at most version <1.5> allowed
<./Grafiken/timesplit001_AG-eps-converted-to.pdf, id=324, 301.125pt x 225.84375
pt>
File: ./Grafiken/timesplit001_AG-eps-converted-to.pdf Graphic file (type pdf)
<use ./Grafiken/timesplit001_AG-eps-converted-to.pdf>
Package pdftex.def Info: ./Grafiken/timesplit001_AG-eps-converted-to.pdf  used 
on input line 538.
(pdftex.def)             Requested size: 237.01411pt x 177.76672pt.

Underfull \hbox (badness 10000) in paragraph at lines 539--539
[][][]|\T1/ptm/m/n/12 Ent-wick-lung der Partikel-
 []


LaTeX Warning: File `timesplit002_LR.eps' not found on input line 543.

Package epstopdf Info: Source file: <timesplit002_LR.eps>
(epstopdf)             Output file: <./Grafiken/timesplit002_LR-eps-converted-t
o.pdf>
(epstopdf)                    date: 2022-05-12 16:01:22
(epstopdf)                    size: 7714 bytes
(epstopdf)             Command: <miktex-epstopdf-unrestricted --outfile=./Grafi
ken/timesplit002_LR-eps-converted-to.pdf timesplit002_LR.eps>
(epstopdf)             \includegraphics on input line 543.
Package epstopdf Info: Output file is already uptodate.


pdfTeX warning: pdflatex (file ./Grafiken/timesplit002_LR-eps-converted-to.pdf)
: PDF inclusion: found PDF version <1.7>, but at most version <1.5> allowed
<./Grafiken/timesplit002_LR-eps-converted-to.pdf, id=327, 301.125pt x 225.84375
pt>
File: ./Grafiken/timesplit002_LR-eps-converted-to.pdf Graphic file (type pdf)
<use ./Grafiken/timesplit002_LR-eps-converted-to.pdf>
Package pdftex.def Info: ./Grafiken/timesplit002_LR-eps-converted-to.pdf  used 
on input line 543.
(pdftex.def)             Requested size: 237.01411pt x 177.76672pt.

Underfull \hbox (badness 10000) in paragraph at lines 544--544
[][][]|\T1/ptm/m/n/12 Ent-wick-lung der Partikel-
 []


Underfull \hbox (badness 4441) in paragraph at lines 544--544
\T1/ptm/m/n/12 Konzentration ber der Zeit,
 []


LaTeX Warning: File `timesplit003_LR_AG.eps' not found on input line 548.

Package epstopdf Info: Source file: <timesplit003_LR_AG.eps>
(epstopdf)             Output file: <./Grafiken/timesplit003_LR_AG-eps-converte
d-to.pdf>
(epstopdf)                    date: 2022-05-12 16:01:23
(epstopdf)                    size: 7748 bytes
(epstopdf)             Command: <miktex-epstopdf-unrestricted --outfile=./Grafi
ken/timesplit003_LR_AG-eps-converted-to.pdf timesplit003_LR_AG.eps>
(epstopdf)             \includegraphics on input line 548.
Package epstopdf Info: Output file is already uptodate.


pdfTeX warning: pdflatex (file ./Grafiken/timesplit003_LR_AG-eps-converted-to.p
df): PDF inclusion: found PDF version <1.7>, but at most version <1.5> allowed
<./Grafiken/timesplit003_LR_AG-eps-converted-to.pdf, id=330, 301.125pt x 225.84
375pt>
File: ./Grafiken/timesplit003_LR_AG-eps-converted-to.pdf Graphic file (type pdf
)
<use ./Grafiken/timesplit003_LR_AG-eps-converted-to.pdf>
Package pdftex.def Info: ./Grafiken/timesplit003_LR_AG-eps-converted-to.pdf  us
ed on input line 548.
(pdftex.def)             Requested size: 237.01411pt x 177.76672pt.

Underfull \hbox (badness 10000) in paragraph at lines 549--549
[][][]|\T1/ptm/m/n/12 Ent-wick-lung der Partikel-
 []


LaTeX Warning: File `timesplit004_AG.eps' not found on input line 553.

Package epstopdf Info: Source file: <timesplit004_AG.eps>
(epstopdf)             Output file: <./Grafiken/timesplit004_AG-eps-converted-t
o.pdf>
(epstopdf)                    date: 2022-05-12 16:01:24
(epstopdf)                    size: 6990 bytes
(epstopdf)             Command: <miktex-epstopdf-unrestricted --outfile=./Grafi
ken/timesplit004_AG-eps-converted-to.pdf timesplit004_AG.eps>
(epstopdf)             \includegraphics on input line 553.
Package epstopdf Info: Output file is already uptodate.


pdfTeX warning: pdflatex (file ./Grafiken/timesplit004_AG-eps-converted-to.pdf)
: PDF inclusion: found PDF version <1.7>, but at most version <1.5> allowed
<./Grafiken/timesplit004_AG-eps-converted-to.pdf, id=333, 301.125pt x 225.84375
pt>
File: ./Grafiken/timesplit004_AG-eps-converted-to.pdf Graphic file (type pdf)
<use ./Grafiken/timesplit004_AG-eps-converted-to.pdf>
Package pdftex.def Info: ./Grafiken/timesplit004_AG-eps-converted-to.pdf  used 
on input line 553.
(pdftex.def)             Requested size: 237.01411pt x 177.76672pt.

Underfull \hbox (badness 10000) in paragraph at lines 554--554
[][][]|\T1/ptm/m/n/12 Ent-wick-lung der Partikel-
 []


Underfull \hbox (badness 5077) in paragraph at lines 537--557
[][] []
 []


LaTeX Warning: File `timesplit005_Fenster_Tuer.eps' not found on input line 561
.

Package epstopdf Info: Source file: <timesplit005_Fenster_Tuer.eps>
(epstopdf)             Output file: <./Grafiken/timesplit005_Fenster_Tuer-eps-c
onverted-to.pdf>
(epstopdf)                    date: 2022-05-12 16:01:25
(epstopdf)                    size: 7509 bytes
(epstopdf)             Command: <miktex-epstopdf-unrestricted --outfile=./Grafi
ken/timesplit005_Fenster_Tuer-eps-converted-to.pdf timesplit005_Fenster_Tuer.ep
s>
(epstopdf)             \includegraphics on input line 561.
Package epstopdf Info: Output file is already uptodate.


pdfTeX warning: pdflatex (file ./Grafiken/timesplit005_Fenster_Tuer-eps-convert
ed-to.pdf): PDF inclusion: found PDF version <1.7>, but at most version <1.5> a
llowed
<./Grafiken/timesplit005_Fenster_Tuer-eps-converted-to.pdf, id=336, 301.125pt x
 225.84375pt>
File: ./Grafiken/timesplit005_Fenster_Tuer-eps-converted-to.pdf Graphic file (t
ype pdf)
<use ./Grafiken/timesplit005_Fenster_Tuer-eps-converted-to.pdf>
Package pdftex.def Info: ./Grafiken/timesplit005_Fenster_Tuer-eps-converted-to.
pdf  used on input line 561.
(pdftex.def)             Requested size: 237.01411pt x 177.76672pt.

Underfull \hbox (badness 10000) in paragraph at lines 562--562
[][][]|\T1/ptm/m/n/12 Ent-wick-lung der Partikel-
 []


Underfull \hbox (badness 4441) in paragraph at lines 562--562
\T1/ptm/m/n/12 Konzentration ber der Zeit,
 []


LaTeX Warning: File `timesplit006_Fenster_Tuer_AG.eps' not found on input line 
566.

Package epstopdf Info: Source file: <timesplit006_Fenster_Tuer_AG.eps>
(epstopdf)             Output file: <./Grafiken/timesplit006_Fenster_Tuer_AG-ep
s-converted-to.pdf>
(epstopdf)                    date: 2022-05-12 16:01:26
(epstopdf)                    size: 7783 bytes
(epstopdf)             Command: <miktex-epstopdf-unrestricted --outfile=./Grafi
ken/timesplit006_Fenster_Tuer_AG-eps-converted-to.pdf timesplit006_Fenster_Tuer
_AG.eps>
(epstopdf)             \includegraphics on input line 566.
Package epstopdf Info: Output file is already uptodate.


pdfTeX warning: pdflatex (file ./Grafiken/timesplit006_Fenster_Tuer_AG-eps-conv
erted-to.pdf): PDF inclusion: found PDF version <1.7>, but at most version <1.5
> allowed
<./Grafiken/timesplit006_Fenster_Tuer_AG-eps-converted-to.pdf, id=337, 301.125p
t x 225.84375pt>
File: ./Grafiken/timesplit006_Fenster_Tuer_AG-eps-converted-to.pdf Graphic file
 (type pdf)
<use ./Grafiken/timesplit006_Fenster_Tuer_AG-eps-converted-to.pdf>
Package pdftex.def Info: ./Grafiken/timesplit006_Fenster_Tuer_AG-eps-converted-
to.pdf  used on input line 566.
(pdftex.def)             Requested size: 237.01411pt x 177.76672pt.

Underfull \hbox (badness 10000) in paragraph at lines 567--567
[][][]|\T1/ptm/m/n/12 Ent-wick-lung der Partikel-
 []


Underfull \hbox (badness 4441) in paragraph at lines 567--567
\T1/ptm/m/n/12 Konzentration ber der Zeit,
 []


LaTeX Warning: File `timesplit007_Fenster_Tuer_LR_AG.eps' not found on input li
ne 571.

Package epstopdf Info: Source file: <timesplit007_Fenster_Tuer_LR_AG.eps>
(epstopdf)             Output file: <./Grafiken/timesplit007_Fenster_Tuer_LR_AG
-eps-converted-to.pdf>
(epstopdf)                    date: 2022-05-12 16:01:27
(epstopdf)                    size: 7622 bytes
(epstopdf)             Command: <miktex-epstopdf-unrestricted --outfile=./Grafi
ken/timesplit007_Fenster_Tuer_LR_AG-eps-converted-to.pdf timesplit007_Fenster_T
uer_LR_AG.eps>
(epstopdf)             \includegraphics on input line 571.
Package epstopdf Info: Output file is already uptodate.


pdfTeX warning: pdflatex (file ./Grafiken/timesplit007_Fenster_Tuer_LR_AG-eps-c
onverted-to.pdf): PDF inclusion: found PDF version <1.7>, but at most version <
1.5> allowed
<./Grafiken/timesplit007_Fenster_Tuer_LR_AG-eps-converted-to.pdf, id=340, 301.1
25pt x 225.84375pt>
File: ./Grafiken/timesplit007_Fenster_Tuer_LR_AG-eps-converted-to.pdf Graphic f
ile (type pdf)
<use ./Grafiken/timesplit007_Fenster_Tuer_LR_AG-eps-converted-to.pdf>
Package pdftex.def Info: ./Grafiken/timesplit007_Fenster_Tuer_LR_AG-eps-convert
ed-to.pdf  used on input line 571.
(pdftex.def)             Requested size: 237.01411pt x 177.76672pt.

Underfull \hbox (badness 10000) in paragraph at lines 572--572
[][][]|\T1/ptm/m/n/12 Ent-wick-lung der Partikel-
 []


Underfull \hbox (badness 4441) in paragraph at lines 572--572
\T1/ptm/m/n/12 Konzentration ber der Zeit,
 []


LaTeX Warning: File `timesplit008_LR.eps' not found on input line 576.

Package epstopdf Info: Source file: <timesplit008_LR.eps>
(epstopdf)             Output file: <./Grafiken/timesplit008_LR-eps-converted-t
o.pdf>
(epstopdf)                    date: 2022-05-12 16:01:28
(epstopdf)                    size: 7309 bytes
(epstopdf)             Command: <miktex-epstopdf-unrestricted --outfile=./Grafi
ken/timesplit008_LR-eps-converted-to.pdf timesplit008_LR.eps>
(epstopdf)             \includegraphics on input line 576.
Package epstopdf Info: Output file is already uptodate.


pdfTeX warning: pdflatex (file ./Grafiken/timesplit008_LR-eps-converted-to.pdf)
: PDF inclusion: found PDF version <1.7>, but at most version <1.5> allowed
<./Grafiken/timesplit008_LR-eps-converted-to.pdf, id=345, 301.125pt x 225.84375
pt>
File: ./Grafiken/timesplit008_LR-eps-converted-to.pdf Graphic file (type pdf)
<use ./Grafiken/timesplit008_LR-eps-converted-to.pdf>
Package pdftex.def Info: ./Grafiken/timesplit008_LR-eps-converted-to.pdf  used 
on input line 576.
(pdftex.def)             Requested size: 237.01411pt x 177.76672pt.

Underfull \hbox (badness 10000) in paragraph at lines 577--577
[][][]|\T1/ptm/m/n/12 Ent-wick-lung der Partikel-
 []


Underfull \hbox (badness 5077) in paragraph at lines 560--580
[][] []
 []

[15 <./Grafiken/timesplit001_AG-eps-converted-to.pdf> <./Grafiken/timesplit002_
LR-eps-converted-to.pdf> <./Grafiken/timesplit003_LR_AG-eps-converted-to.pdf> <
./Grafiken/timesplit004_AG-eps-converted-to.pdf>]

LaTeX Warning: File `timesplit009_Fenster_Tuer.eps' not found on input line 584
.

Package epstopdf Info: Source file: <timesplit009_Fenster_Tuer.eps>
(epstopdf)             Output file: <./Grafiken/timesplit009_Fenster_Tuer-eps-c
onverted-to.pdf>
(epstopdf)                    date: 2022-05-12 16:01:28
(epstopdf)                    size: 7529 bytes
(epstopdf)             Command: <miktex-epstopdf-unrestricted --outfile=./Grafi
ken/timesplit009_Fenster_Tuer-eps-converted-to.pdf timesplit009_Fenster_Tuer.ep
s>
(epstopdf)             \includegraphics on input line 584.
Package epstopdf Info: Output file is already uptodate.


pdfTeX warning: pdflatex (file ./Grafiken/timesplit009_Fenster_Tuer-eps-convert
ed-to.pdf): PDF inclusion: found PDF version <1.7>, but at most version <1.5> a
llowed
<./Grafiken/timesplit009_Fenster_Tuer-eps-converted-to.pdf, id=371, 301.125pt x
 225.84375pt>
File: ./Grafiken/timesplit009_Fenster_Tuer-eps-converted-to.pdf Graphic file (t
ype pdf)
<use ./Grafiken/timesplit009_Fenster_Tuer-eps-converted-to.pdf>
Package pdftex.def Info: ./Grafiken/timesplit009_Fenster_Tuer-eps-converted-to.
pdf  used on input line 584.
(pdftex.def)             Requested size: 237.01411pt x 177.76672pt.

Underfull \hbox (badness 10000) in paragraph at lines 585--585
[][][]|\T1/ptm/m/n/12 Ent-wick-lung der Partikel-
 []


Underfull \hbox (badness 4441) in paragraph at lines 585--585
\T1/ptm/m/n/12 Konzentration ber der Zeit,
 []


LaTeX Warning: File `timesplit010_Fenster_Tuer_LR.eps' not found on input line 
589.

Package epstopdf Info: Source file: <timesplit010_Fenster_Tuer_LR.eps>
(epstopdf)             Output file: <./Grafiken/timesplit010_Fenster_Tuer_LR-ep
s-converted-to.pdf>
(epstopdf)                    date: 2022-05-12 16:01:29
(epstopdf)                    size: 7565 bytes
(epstopdf)             Command: <miktex-epstopdf-unrestricted --outfile=./Grafi
ken/timesplit010_Fenster_Tuer_LR-eps-converted-to.pdf timesplit010_Fenster_Tuer
_LR.eps>
(epstopdf)             \includegraphics on input line 589.
Package epstopdf Info: Output file is already uptodate.


pdfTeX warning: pdflatex (file ./Grafiken/timesplit010_Fenster_Tuer_LR-eps-conv
erted-to.pdf): PDF inclusion: found PDF version <1.7>, but at most version <1.5
> allowed
<./Grafiken/timesplit010_Fenster_Tuer_LR-eps-converted-to.pdf, id=372, 301.125p
t x 225.84375pt>
File: ./Grafiken/timesplit010_Fenster_Tuer_LR-eps-converted-to.pdf Graphic file
 (type pdf)
<use ./Grafiken/timesplit010_Fenster_Tuer_LR-eps-converted-to.pdf>
Package pdftex.def Info: ./Grafiken/timesplit010_Fenster_Tuer_LR-eps-converted-
to.pdf  used on input line 589.
(pdftex.def)             Requested size: 237.01411pt x 177.76672pt.

Underfull \hbox (badness 10000) in paragraph at lines 590--590
[][][]|\T1/ptm/m/n/12 Ent-wick-lung der Partikel-
 []


Underfull \hbox (badness 4441) in paragraph at lines 590--590
\T1/ptm/m/n/12 Konzentration ber der Zeit,
 []

[16 <./Grafiken/timesplit005_Fenster_Tuer-eps-converted-to.pdf> <./Grafiken/tim
esplit006_Fenster_Tuer_AG-eps-converted-to.pdf> <./Grafiken/timesplit007_Fenste
r_Tuer_LR_AG-eps-converted-to.pdf> <./Grafiken/timesplit008_LR-eps-converted-to
.pdf>]
Package acronym Info: Label `acro:AG' newly defined as it shall be overridden
although it is yet undefined on input line 596.
 [17 <./Grafiken/timesplit009_Fenster_Tuer-eps-converted-to.pdf> <./Grafiken/ti
mesplit010_Fenster_Tuer_LR-eps-converted-to.pdf>] [18]
chapter 3.

Underfull \hbox (badness 10000) in paragraph at lines 639--645

 []


Underfull \hbox (badness 10000) in paragraph at lines 639--645

 []

[19

] (D:\Dokumente_Florian_Jacob_OVGU\Masterarbeit\Latex\build\Masterarbeit.bbl
chapter 4.

Underfull \hbox (badness 4467) in paragraph at lines 9--14
[]\T1/ptm/m/n/12 A. Sie-vers.  Kli-ma-da-ten deutsch-land.  []$https : / / www 
. dwd . de / DE / leistungen / 
 []

) [20

]
chapter 5.
(D:\Dokumente_Florian_Jacob_OVGU\Masterarbeit\Latex\build\Masterarbeit.lof
Overfull \hbox (10.57951pt too wide) in paragraph at lines 21--21
 [][] [][]\T1/ptm/m/n/12 Entwicklung der Partikel-Konzentration ber der Zeit, 
Fen-ster und Tr ge-ff-net, [][] luft[] [][]  
 []


Overfull \hbox (17.07175pt too wide) in paragraph at lines 22--22
 [][] [][]\T1/ptm/m/n/12 Entwicklung der Partikel-Konzentration ber der Zeit, 
Fen-ster und Tr ge-ff-net, [][] und 
 []


Overfull \hbox (9.06738pt too wide) in paragraph at lines 25--25
 [][] [][]\T1/ptm/m/n/12 Entwicklung der Partikel-Konzentration ber der Zeit, 
Fen-ster und Tr ge-ff-net, [][] luft[] [][]  
 []

)
\tf@lof=\write6
\openout6 = `Masterarbeit.lof'.

 [21

]
chapter 6.
(D:\Dokumente_Florian_Jacob_OVGU\Masterarbeit\Latex\build\Masterarbeit.lot)
\tf@lot=\write7
\openout7 = `Masterarbeit.lot'.



Package transparent Warning: Rerun to get transparencies right.


AED: lastpage setting LastPage
[22

] (D:\Dokumente_Florian_Jacob_OVGU\Masterarbeit\Latex\build\Masterarbeit.aux)

LaTeX Warning: There were multiply-defined labels.

Package rerunfilecheck Info: File `Masterarbeit.out' has not changed.
(rerunfilecheck)             Checksum: D41D8CD98F00B204E9800998ECF8427E;0.
 ) 
Here is how much of TeX's memory you used:
 39665 strings out of 478582
 852717 string characters out of 2843401
 1276027 words of memory out of 3000000
 56983 multiletter control sequences out of 15000+600000
 517099 words of font info for 86 fonts, out of 8000000 for 9000
 1141 hyphenation exceptions out of 8191
 108i,15n,106p,10637b,902s stack positions out of 10000i,1000n,20000p,200000b,80000s
 <C:\Users\fljacob\AppData\Local\MiKTeX\fonts/pk/ljfour/jknappen/ec/dpi600\ec
sx1440.pk> <C:\Users\fljacob\AppData\Local\MiKTeX\fonts/pk/ljfour/jknappen/ec/d
pi600\ecsx1728.pk>{C:/Users/fljacob/AppData/Local/Programs/MiKTeX/fonts/enc/dvi
ps/base/8r.enc} <C:\Users\fljacob\AppData\Local\MiKTeX\fonts/pk/ljfour/jknappen
/ec/dpi600\ecsx1200.pk> <C:\Users\fljacob\AppData\Local\MiKTeX\fonts/pk/ljfour/
jknappen/ec/dpi600\ecsx2488.pk><C:/Users/fljacob/AppData/Local/Programs/MiKTeX/
fonts/type1/public/amsfonts/cm/cmex10.pfb><C:/Users/fljacob/AppData/Local/Progr
ams/MiKTeX/fonts/type1/public/amsfonts/cm/cmmi12.pfb><C:/Users/fljacob/AppData/
Local/Programs/MiKTeX/fonts/type1/public/amsfonts/cm/cmmi8.pfb><C:/Users/fljaco
b/AppData/Local/Programs/MiKTeX/fonts/type1/public/amsfonts/cm/cmr12.pfb><C:/Us
ers/fljacob/AppData/Local/Programs/MiKTeX/fonts/type1/public/amsfonts/cm/cmr8.p
fb><C:/Users/fljacob/AppData/Local/Programs/MiKTeX/fonts/type1/public/amsfonts/
cm/cmss12.pfb><C:/Users/fljacob/AppData/Local/Programs/MiKTeX/fonts/type1/publi
c/amsfonts/cm/cmss8.pfb><C:/Users/fljacob/AppData/Local/Programs/MiKTeX/fonts/t
ype1/public/amsfonts/cm/cmsy10.pfb><C:/Users/fljacob/AppData/Local/Programs/MiK
TeX/fonts/type1/public/amsfonts/cm/cmsy8.pfb><C:/Users/fljacob/AppData/Local/Pr
ograms/MiKTeX/fonts/type1/urw/times/utmb8a.pfb><C:/Users/fljacob/AppData/Local/
Programs/MiKTeX/fonts/type1/urw/times/utmr8a.pfb><C:/Users/fljacob/AppData/Loca
l/Programs/MiKTeX/fonts/type1/urw/times/utmr8a.pfb><C:/Users/fljacob/AppData/Lo
cal/Programs/MiKTeX/fonts/type1/urw/times/utmri8a.pfb>
Output written on D:\Dokumente_Florian_Jacob_OVGU\Masterarbeit\Latex\build\Mast
erarbeit.pdf (25 pages, 1125606 bytes).
PDF statistics:
 818 PDF objects out of 1000 (max. 8388607)
 123 named destinations out of 1000 (max. 500000)
 400 words of extra memory for PDF output out of 10000 (max. 10000000)

